[I 18:47:33.128 NotebookApp] [nb_conda_kernels] enabled, 3 kernels found
[I 18:47:33.139 NotebookApp] Writing notebook server cookie secret to /run/user/1000/jupyter/notebook_cookie_secret
[I 18:47:37.487 NotebookApp] [jupyter_nbextensions_configurator] enabled 0.2.4
[I 18:47:38.705 NotebookApp] [nb_anacondacloud] enabled
[I 18:47:38.741 NotebookApp] [nb_conda] enabled
[I 18:47:39.158 NotebookApp] ✓ nbpresent HTML export ENABLED
[I 18:47:39.158 NotebookApp] ✓ nbpresent PDF export ENABLED
[I 18:47:39.178 NotebookApp] Serving notebooks from local directory: /home/yolki/Escritorio/ai/md/3_3
[I 18:47:39.178 NotebookApp] 0 active kernels 
[I 18:47:39.178 NotebookApp] The Jupyter Notebook is running at: http://localhost:8888/?token=8ce69f122324e41a6f5ba0abacb9ee488eb6151f2878dedb
[I 18:47:39.178 NotebookApp] Use Control-C to stop this server and shut down all kernels (twice to skip confirmation).
[C 18:47:39.184 NotebookApp] 
    
    Copy/paste this URL into your browser when you connect for the first time,
    to login with a token:
        http://localhost:8888/?token=8ce69f122324e41a6f5ba0abacb9ee488eb6151f2878dedb
[I 18:47:58.123 NotebookApp] Accepting one-time-token-authenticated connection from 127.0.0.1
[W 18:48:21.284 NotebookApp] Notebook p.ipynb is not trusted
[I 18:48:23.811 NotebookApp] Kernel started: a1e483d0-0728-4359-b0d6-930da4c90ef2
[I 18:48:23.922 NotebookApp] 302 GET /notebooks/esquema-basico-svm.PNG (127.0.0.1) 1.37ms
[I 18:48:23.924 NotebookApp] 302 GET /notebooks/ejemplo-kernel.PNG (127.0.0.1) 1.23ms
[I 18:48:23.926 NotebookApp] 302 GET /notebooks/no-separable-linealmente.PNG (127.0.0.1) 1.25ms
[I 18:49:07.233 NotebookApp] Saving file at /p.ipynb
[W 18:49:07.234 NotebookApp] Saving untrusted notebook p.ipynb
[W 18:49:07.471 NotebookApp] Notebook p.ipynb is not trusted
[I 18:49:10.443 NotebookApp] Support files will be in 
[I 18:49:10.443 NotebookApp] Writing 74274 bytes to notebook.tex
[I 18:49:10.443 NotebookApp] Building PDF
[I 18:49:10.444 NotebookApp] Running pdflatex 3 times: [u'pdflatex', u'notebook.tex']
[C 18:49:14.900 NotebookApp] pdflatex failed: [u'pdflatex', u'notebook.tex']
    This is pdfTeX, Version 3.14159265-2.6-1.40.17 (TeX Live 2016/Debian) (preloaded format=pdflatex)
     restricted \write18 enabled.
    entering extended mode
    (./notebook.tex
    LaTeX2e <2016/03/31>
    Babel <3.9r> and hyphenation patterns for 3 language(s) loaded.
    (/usr/share/texlive/texmf-dist/tex/latex/base/article.cls
    Document Class: article 2014/09/29 v1.4h Standard LaTeX document class
    (/usr/share/texlive/texmf-dist/tex/latex/base/size11.clo))
    (/usr/share/texlive/texmf-dist/tex/latex/base/fontenc.sty
    (/usr/share/texlive/texmf-dist/tex/latex/base/t1enc.def))
    (/usr/share/texlive/texmf-dist/tex/latex/psnfss/palatino.sty)
    (/usr/share/texlive/texmf-dist/tex/latex/graphics/graphicx.sty
    (/usr/share/texlive/texmf-dist/tex/latex/graphics/keyval.sty)
    (/usr/share/texlive/texmf-dist/tex/latex/graphics/graphics.sty
    (/usr/share/texlive/texmf-dist/tex/latex/graphics/trig.sty)
    (/usr/share/texlive/texmf-dist/tex/latex/graphics-cfg/graphics.cfg)
    (/usr/share/texlive/texmf-dist/tex/latex/pdftex-def/pdftex.def
    (/usr/share/texlive/texmf-dist/tex/generic/oberdiek/infwarerr.sty)
    (/usr/share/texlive/texmf-dist/tex/generic/oberdiek/ltxcmds.sty))))
    (/usr/share/texlive/texmf-dist/tex/latex/caption/caption.sty
    (/usr/share/texlive/texmf-dist/tex/latex/caption/caption3.sty))
    (/usr/share/texlive/texmf-dist/tex/latex/adjustbox/adjustbox.sty
    (/usr/share/texlive/texmf-dist/tex/latex/xkeyval/xkeyval.sty
    (/usr/share/texlive/texmf-dist/tex/generic/xkeyval/xkeyval.tex
    (/usr/share/texlive/texmf-dist/tex/generic/xkeyval/xkvutils.tex)))
    (/usr/share/texlive/texmf-dist/tex/latex/adjustbox/adjcalc.sty)
    (/usr/share/texlive/texmf-dist/tex/latex/adjustbox/trimclip.sty
    (/usr/share/texlive/texmf-dist/tex/latex/collectbox/collectbox.sty)
    (/usr/share/texlive/texmf-dist/tex/latex/adjustbox/tc-pdftex.def))
    (/usr/share/texlive/texmf-dist/tex/latex/ifoddpage/ifoddpage.sty)
    (/usr/share/texlive/texmf-dist/tex/latex/varwidth/varwidth.sty))
    (/usr/share/texlive/texmf-dist/tex/latex/xcolor/xcolor.sty
    (/usr/share/texlive/texmf-dist/tex/latex/graphics-cfg/color.cfg))
    (/usr/share/texlive/texmf-dist/tex/latex/tools/enumerate.sty)
    (/usr/share/texlive/texmf-dist/tex/latex/geometry/geometry.sty
    (/usr/share/texlive/texmf-dist/tex/generic/oberdiek/ifpdf.sty)
    (/usr/share/texlive/texmf-dist/tex/generic/oberdiek/ifvtex.sty)
    (/usr/share/texlive/texmf-dist/tex/generic/ifxetex/ifxetex.sty))
    (/usr/share/texlive/texmf-dist/tex/latex/amsmath/amsmath.sty
    For additional information on amsmath, use the `?' option.
    (/usr/share/texlive/texmf-dist/tex/latex/amsmath/amstext.sty
    (/usr/share/texlive/texmf-dist/tex/latex/amsmath/amsgen.sty))
    (/usr/share/texlive/texmf-dist/tex/latex/amsmath/amsbsy.sty)
    (/usr/share/texlive/texmf-dist/tex/latex/amsmath/amsopn.sty))
    (/usr/share/texlive/texmf-dist/tex/latex/amsfonts/amssymb.sty
    (/usr/share/texlive/texmf-dist/tex/latex/amsfonts/amsfonts.sty))
    (/usr/share/texlive/texmf-dist/tex/latex/base/textcomp.sty
    (/usr/share/texlive/texmf-dist/tex/latex/base/ts1enc.def))
    (/usr/share/texlive/texmf-dist/tex/latex/upquote/upquote.sty)
    (/usr/share/texlive/texmf-dist/tex/latex/eurosym/eurosym.sty)
    (/usr/share/texlive/texmf-dist/tex/latex/ucs/ucs.sty
    (/usr/share/texlive/texmf-dist/tex/latex/ucs/data/uni-global.def))
    (/usr/share/texlive/texmf-dist/tex/latex/base/inputenc.sty
    (/usr/share/texlive/texmf-dist/tex/latex/ucs/utf8x.def))
    (/usr/share/texlive/texmf-dist/tex/latex/fancyvrb/fancyvrb.sty
    Style option: `fancyvrb' v2.7a, with DG/SPQR fixes, and firstline=lastline fix 
    <2008/02/07> (tvz))
    (/usr/share/texlive/texmf-dist/tex/latex/oberdiek/grffile.sty
    (/usr/share/texlive/texmf-dist/tex/latex/oberdiek/kvoptions.sty
    (/usr/share/texlive/texmf-dist/tex/generic/oberdiek/kvsetkeys.sty
    (/usr/share/texlive/texmf-dist/tex/generic/oberdiek/etexcmds.sty
    (/usr/share/texlive/texmf-dist/tex/generic/oberdiek/ifluatex.sty))))
    (/usr/share/texlive/texmf-dist/tex/generic/oberdiek/pdftexcmds.sty))
    (/usr/share/texlive/texmf-dist/tex/latex/hyperref/hyperref.sty
    (/usr/share/texlive/texmf-dist/tex/generic/oberdiek/hobsub-hyperref.sty
    (/usr/share/texlive/texmf-dist/tex/generic/oberdiek/hobsub-generic.sty))
    (/usr/share/texlive/texmf-dist/tex/latex/oberdiek/auxhook.sty)
    (/usr/share/texlive/texmf-dist/tex/latex/hyperref/pd1enc.def)
    (/usr/share/texlive/texmf-dist/tex/latex/latexconfig/hyperref.cfg)
    (/usr/share/texlive/texmf-dist/tex/latex/url/url.sty))
    
    Package hyperref Message: Driver (autodetected): hpdftex.
    
    (/usr/share/texlive/texmf-dist/tex/latex/hyperref/hpdftex.def
    (/usr/share/texlive/texmf-dist/tex/latex/oberdiek/rerunfilecheck.sty))
    (/usr/share/texlive/texmf-dist/tex/latex/tools/longtable.sty)
    (/usr/share/texlive/texmf-dist/tex/latex/booktabs/booktabs.sty)
    (/usr/share/texlive/texmf-dist/tex/generic/ulem/ulem.sty)
    (/usr/share/texlive/texmf-dist/tex/latex/mdframed/mdframed.sty
    (/usr/share/texlive/texmf-dist/tex/latex/l3packages/xparse/xparse.sty
    (/usr/share/texlive/texmf-dist/tex/latex/l3kernel/expl3.sty
    (/usr/share/texlive/texmf-dist/tex/latex/l3kernel/expl3-code.tex)
    (/usr/share/texlive/texmf-dist/tex/latex/l3kernel/l3pdfmode.def)))
    (/usr/share/texlive/texmf-dist/tex/latex/etoolbox/etoolbox.sty)
    (/usr/share/texlive/texmf-dist/tex/latex/oberdiek/zref-abspage.sty
    (/usr/share/texlive/texmf-dist/tex/latex/oberdiek/zref-base.sty))
    (/usr/share/texlive/texmf-dist/tex/latex/needspace/needspace.sty)
    (/usr/share/texlive/texmf-dist/tex/latex/pgf/frontendlayer/tikz.sty
    (/usr/share/texlive/texmf-dist/tex/latex/pgf/basiclayer/pgf.sty
    (/usr/share/texlive/texmf-dist/tex/latex/pgf/utilities/pgfrcs.sty
    (/usr/share/texlive/texmf-dist/tex/generic/pgf/utilities/pgfutil-common.tex
    (/usr/share/texlive/texmf-dist/tex/generic/pgf/utilities/pgfutil-common-lists.t
    ex)) (/usr/share/texlive/texmf-dist/tex/generic/pgf/utilities/pgfutil-latex.def
    (/usr/share/texlive/texmf-dist/tex/latex/ms/everyshi.sty))
    (/usr/share/texlive/texmf-dist/tex/generic/pgf/utilities/pgfrcs.code.tex))
    (/usr/share/texlive/texmf-dist/tex/latex/pgf/basiclayer/pgfcore.sty
    (/usr/share/texlive/texmf-dist/tex/latex/pgf/systemlayer/pgfsys.sty
    (/usr/share/texlive/texmf-dist/tex/generic/pgf/systemlayer/pgfsys.code.tex
    (/usr/share/texlive/texmf-dist/tex/generic/pgf/utilities/pgfkeys.code.tex
    (/usr/share/texlive/texmf-dist/tex/generic/pgf/utilities/pgfkeysfiltered.code.t
    ex)) (/usr/share/texlive/texmf-dist/tex/generic/pgf/systemlayer/pgf.cfg)
    (/usr/share/texlive/texmf-dist/tex/generic/pgf/systemlayer/pgfsys-pdftex.def
    (/usr/share/texlive/texmf-dist/tex/generic/pgf/systemlayer/pgfsys-common-pdf.de
    f)))
    (/usr/share/texlive/texmf-dist/tex/generic/pgf/systemlayer/pgfsyssoftpath.code.
    tex)
    (/usr/share/texlive/texmf-dist/tex/generic/pgf/systemlayer/pgfsysprotocol.code.
    tex))
    (/usr/share/texlive/texmf-dist/tex/generic/pgf/basiclayer/pgfcore.code.tex
    (/usr/share/texlive/texmf-dist/tex/generic/pgf/math/pgfmath.code.tex
    (/usr/share/texlive/texmf-dist/tex/generic/pgf/math/pgfmathcalc.code.tex
    (/usr/share/texlive/texmf-dist/tex/generic/pgf/math/pgfmathutil.code.tex)
    (/usr/share/texlive/texmf-dist/tex/generic/pgf/math/pgfmathparser.code.tex)
    (/usr/share/texlive/texmf-dist/tex/generic/pgf/math/pgfmathfunctions.code.tex
    (/usr/share/texlive/texmf-dist/tex/generic/pgf/math/pgfmathfunctions.basic.code
    .tex)
    (/usr/share/texlive/texmf-dist/tex/generic/pgf/math/pgfmathfunctions.trigonomet
    ric.code.tex)
    (/usr/share/texlive/texmf-dist/tex/generic/pgf/math/pgfmathfunctions.random.cod
    e.tex)
    (/usr/share/texlive/texmf-dist/tex/generic/pgf/math/pgfmathfunctions.comparison
    .code.tex)
    (/usr/share/texlive/texmf-dist/tex/generic/pgf/math/pgfmathfunctions.base.code.
    tex)
    (/usr/share/texlive/texmf-dist/tex/generic/pgf/math/pgfmathfunctions.round.code
    .tex)
    (/usr/share/texlive/texmf-dist/tex/generic/pgf/math/pgfmathfunctions.misc.code.
    tex)
    (/usr/share/texlive/texmf-dist/tex/generic/pgf/math/pgfmathfunctions.integerari
    thmetics.code.tex)))
    (/usr/share/texlive/texmf-dist/tex/generic/pgf/math/pgfmathfloat.code.tex))
    (/usr/share/texlive/texmf-dist/tex/generic/pgf/basiclayer/pgfcorepoints.code.te
    x)
    (/usr/share/texlive/texmf-dist/tex/generic/pgf/basiclayer/pgfcorepathconstruct.
    code.tex)
    (/usr/share/texlive/texmf-dist/tex/generic/pgf/basiclayer/pgfcorepathusage.code
    .tex)
    (/usr/share/texlive/texmf-dist/tex/generic/pgf/basiclayer/pgfcorescopes.code.te
    x)
    (/usr/share/texlive/texmf-dist/tex/generic/pgf/basiclayer/pgfcoregraphicstate.c
    ode.tex)
    (/usr/share/texlive/texmf-dist/tex/generic/pgf/basiclayer/pgfcoretransformation
    s.code.tex)
    (/usr/share/texlive/texmf-dist/tex/generic/pgf/basiclayer/pgfcorequick.code.tex
    )
    (/usr/share/texlive/texmf-dist/tex/generic/pgf/basiclayer/pgfcoreobjects.code.t
    ex)
    (/usr/share/texlive/texmf-dist/tex/generic/pgf/basiclayer/pgfcorepathprocessing
    .code.tex)
    (/usr/share/texlive/texmf-dist/tex/generic/pgf/basiclayer/pgfcorearrows.code.te
    x)
    (/usr/share/texlive/texmf-dist/tex/generic/pgf/basiclayer/pgfcoreshade.code.tex
    )
    (/usr/share/texlive/texmf-dist/tex/generic/pgf/basiclayer/pgfcoreimage.code.tex
    
    (/usr/share/texlive/texmf-dist/tex/generic/pgf/basiclayer/pgfcoreexternal.code.
    tex))
    (/usr/share/texlive/texmf-dist/tex/generic/pgf/basiclayer/pgfcorelayers.code.te
    x)
    (/usr/share/texlive/texmf-dist/tex/generic/pgf/basiclayer/pgfcoretransparency.c
    ode.tex)
    (/usr/share/texlive/texmf-dist/tex/generic/pgf/basiclayer/pgfcorepatterns.code.
    tex)))
    (/usr/share/texlive/texmf-dist/tex/generic/pgf/modules/pgfmoduleshapes.code.tex
    ) (/usr/share/texlive/texmf-dist/tex/generic/pgf/modules/pgfmoduleplot.code.tex
    )
    (/usr/share/texlive/texmf-dist/tex/latex/pgf/compatibility/pgfcomp-version-0-65
    .sty)
    (/usr/share/texlive/texmf-dist/tex/latex/pgf/compatibility/pgfcomp-version-1-18
    .sty)) (/usr/share/texlive/texmf-dist/tex/latex/pgf/utilities/pgffor.sty
    (/usr/share/texlive/texmf-dist/tex/latex/pgf/utilities/pgfkeys.sty
    (/usr/share/texlive/texmf-dist/tex/generic/pgf/utilities/pgfkeys.code.tex))
    (/usr/share/texlive/texmf-dist/tex/latex/pgf/math/pgfmath.sty
    (/usr/share/texlive/texmf-dist/tex/generic/pgf/math/pgfmath.code.tex))
    (/usr/share/texlive/texmf-dist/tex/generic/pgf/utilities/pgffor.code.tex
    (/usr/share/texlive/texmf-dist/tex/generic/pgf/math/pgfmath.code.tex)))
    (/usr/share/texlive/texmf-dist/tex/generic/pgf/frontendlayer/tikz/tikz.code.tex
    
    (/usr/share/texlive/texmf-dist/tex/generic/pgf/libraries/pgflibraryplothandlers
    .code.tex)
    (/usr/share/texlive/texmf-dist/tex/generic/pgf/modules/pgfmodulematrix.code.tex
    )
    (/usr/share/texlive/texmf-dist/tex/generic/pgf/frontendlayer/tikz/libraries/tik
    zlibrarytopaths.code.tex)))
    (/usr/share/texlive/texmf-dist/tex/latex/mdframed/md-frame-1.mdf))
    No file notebook.aux.
    (/usr/share/texlive/texmf-dist/tex/latex/base/ts1cmr.fd)
    (/usr/share/texlive/texmf-dist/tex/latex/psnfss/t1ppl.fd)
    (/usr/share/texlive/texmf-dist/tex/context/base/mkii/supp-pdf.mkii
    [Loading MPS to PDF converter (version 2006.09.02).]
    ) (/usr/share/texlive/texmf-dist/tex/latex/oberdiek/epstopdf-base.sty
    (/usr/share/texlive/texmf-dist/tex/latex/oberdiek/grfext.sty)
    (/usr/share/texlive/texmf-dist/tex/latex/latexconfig/epstopdf-sys.cfg))
    (/usr/share/texlive/texmf-dist/tex/latex/caption/ltcaption.sty)
    *geometry* driver: auto-detecting
    *geometry* detected driver: pdftex
    *geometry* verbose mode - [ preamble ] result:
    * driver: pdftex
    * paper: <default>
    * layout: <same size as paper>
    * layoutoffset:(h,v)=(0.0pt,0.0pt)
    * modes: 
    * h-part:(L,W,R)=(72.26999pt, 469.75502pt, 72.26999pt)
    * v-part:(T,H,B)=(72.26999pt, 650.43001pt, 72.26999pt)
    * \paperwidth=614.295pt
    * \paperheight=794.96999pt
    * \textwidth=469.75502pt
    * \textheight=650.43001pt
    * \oddsidemargin=0.0pt
    * \evensidemargin=0.0pt
    * \topmargin=-37.0pt
    * \headheight=12.0pt
    * \headsep=25.0pt
    * \topskip=11.0pt
    * \footskip=30.0pt
    * \marginparwidth=59.0pt
    * \marginparsep=10.0pt
    * \columnsep=10.0pt
    * \skip\footins=10.0pt plus 4.0pt minus 2.0pt
    * \hoffset=0.0pt
    * \voffset=0.0pt
    * \mag=1000
    * \@twocolumnfalse
    * \@twosidefalse
    * \@mparswitchfalse
    * \@reversemarginfalse
    * (1in=72.27pt=25.4mm, 1cm=28.453pt)
    
    (/usr/share/texlive/texmf-dist/tex/latex/ucs/ucsencs.def)
    (/usr/share/texlive/texmf-dist/tex/latex/hyperref/nameref.sty
    (/usr/share/texlive/texmf-dist/tex/generic/oberdiek/gettitlestring.sty))
    ABD: EveryShipout initializing macros
    (/usr/share/texlive/texmf-dist/tex/latex/amsfonts/umsa.fd)
    (/usr/share/texlive/texmf-dist/tex/latex/amsfonts/umsb.fd)
    
    LaTeX Warning: No \author given.
    
    (/usr/share/texlive/texmf-dist/tex/latex/ucs/data/uni-0.def) [1{/var/lib/texmf/
    fonts/map/pdftex/updmap/pdftex.map}]
    <esquema-basico-svm.PNG, id=15, 416.30531pt x 307.90031pt>
    <use esquema-basico-svm.PNG>
    (/usr/share/texlive/texmf-dist/tex/latex/psnfss/ts1ppl.fd)
    <no-separable-linealmente.PNG, id=17, 190.46156pt x 180.675pt>
    <use no-separable-linealmente.PNG>
    (/usr/share/texlive/texmf-dist/tex/latex/ucs/data/uni-34.def) [2 </home/yolki/E
    scritorio/ai/md/3_3/esquema-basico-svm.PNG>]
    <ejemplo-kernel.PNG, id=25, 411.03563pt x 241.65282pt>
    <use ejemplo-kernel.PNG> [3 </home/yolki/Escritorio/ai/md/3_3/no-separable-line
    almente.PNG>]
    ! Missing $ inserted.
    <inserted text> 
                    $
    l.456 ...{polinómicas}: \$ K(x\_i,x\_j) = (\gamma
                                                       x\_i\^{}T x\_j
    ? 
    ! Emergency stop.
    <inserted text> 
                    $
    l.456 ...{polinómicas}: \$ K(x\_i,x\_j) = (\gamma
                                                       x\_i\^{}T x\_j
    !  ==> Fatal error occurred, no output PDF file produced!
    Transcript written on notebook.log.
    
[E 18:49:14.902 NotebookApp] nbconvert failed: PDF creating failed, captured latex output:
    This is pdfTeX, Version 3.14159265-2.6-1.40.17 (TeX Live 2016/Debian) (preloaded format=pdflatex)
     restricted \write18 enabled.
    entering extended mode
    (./notebook.tex
    LaTeX2e <2016/03/31>
    Babel <3.9r> and hyphenation patterns for 3 language(s) loaded.
    (/usr/share/texlive/texmf-dist/tex/latex/base/article.cls
    Document Class: article 2014/09/29 v1.4h Standard LaTeX document class
    (/usr/share/texlive/texmf-dist/tex/latex/base/size11.clo))
    (/usr/share/texlive/texmf-dist/tex/latex/base/fontenc.sty
    (/usr/share/texlive/texmf-dist/tex/latex/base/t1enc.def))
    (/usr/share/texlive/texmf-dist/tex/latex/psnfss/palatino.sty)
    (/usr/share/texlive/texmf-dist/tex/latex/graphics/graphicx.sty
    (/usr/share/texlive/texmf-dist/tex/latex/graphics/keyval.sty)
    (/usr/share/texlive/texmf-dist/tex/latex/graphics/graphics.sty
    (/usr/share/texlive/texmf-dist/tex/latex/graphics/trig.sty)
    (/usr/share/texlive/texmf-dist/tex/latex/graphics-cfg/graphics.cfg)
    (/usr/share/texlive/texmf-dist/tex/latex/pdftex-def/pdftex.def
    (/usr/share/texlive/texmf-dist/tex/generic/oberdiek/infwarerr.sty)
    (/usr/share/texlive/texmf-dist/tex/generic/oberdiek/ltxcmds.sty))))
    (/usr/share/texlive/texmf-dist/tex/latex/caption/caption.sty
    (/usr/share/texlive/texmf-dist/tex/latex/caption/caption3.sty))
    (/usr/share/texlive/texmf-dist/tex/latex/adjustbox/adjustbox.sty
    (/usr/share/texlive/texmf-dist/tex/latex/xkeyval/xkeyval.sty
    (/usr/share/texlive/texmf-dist/tex/generic/xkeyval/xkeyval.tex
    (/usr/share/texlive/texmf-dist/tex/generic/xkeyval/xkvutils.tex)))
    (/usr/share/texlive/texmf-dist/tex/latex/adjustbox/adjcalc.sty)
    (/usr/share/texlive/texmf-dist/tex/latex/adjustbox/trimclip.sty
    (/usr/share/texlive/texmf-dist/tex/latex/collectbox/collectbox.sty)
    (/usr/share/texlive/texmf-dist/tex/latex/adjustbox/tc-pdftex.def))
    (/usr/share/texlive/texmf-dist/tex/latex/ifoddpage/ifoddpage.sty)
    (/usr/share/texlive/texmf-dist/tex/latex/varwidth/varwidth.sty))
    (/usr/share/texlive/texmf-dist/tex/latex/xcolor/xcolor.sty
    (/usr/share/texlive/texmf-dist/tex/latex/graphics-cfg/color.cfg))
    (/usr/share/texlive/texmf-dist/tex/latex/tools/enumerate.sty)
    (/usr/share/texlive/texmf-dist/tex/latex/geometry/geometry.sty
    (/usr/share/texlive/texmf-dist/tex/generic/oberdiek/ifpdf.sty)
    (/usr/share/texlive/texmf-dist/tex/generic/oberdiek/ifvtex.sty)
    (/usr/share/texlive/texmf-dist/tex/generic/ifxetex/ifxetex.sty))
    (/usr/share/texlive/texmf-dist/tex/latex/amsmath/amsmath.sty
    For additional information on amsmath, use the `?' option.
    (/usr/share/texlive/texmf-dist/tex/latex/amsmath/amstext.sty
    (/usr/share/texlive/texmf-dist/tex/latex/amsmath/amsgen.sty))
    (/usr/share/texlive/texmf-dist/tex/latex/amsmath/amsbsy.sty)
    (/usr/share/texlive/texmf-dist/tex/latex/amsmath/amsopn.sty))
    (/usr/share/texlive/texmf-dist/tex/latex/amsfonts/amssymb.sty
    (/usr/share/texlive/texmf-dist/tex/latex/amsfonts/amsfonts.sty))
    (/usr/share/texlive/texmf-dist/tex/latex/base/textcomp.sty
    (/usr/share/texlive/texmf-dist/tex/latex/base/ts1enc.def))
    (/usr/share/texlive/texmf-dist/tex/latex/upquote/upquote.sty)
    (/usr/share/texlive/texmf-dist/tex/latex/eurosym/eurosym.sty)
    (/usr/share/texlive/texmf-dist/tex/latex/ucs/ucs.sty
    (/usr/share/texlive/texmf-dist/tex/latex/ucs/data/uni-global.def))
    (/usr/share/texlive/texmf-dist/tex/latex/base/inputenc.sty
    (/usr/share/texlive/texmf-dist/tex/latex/ucs/utf8x.def))
    (/usr/share/texlive/texmf-dist/tex/latex/fancyvrb/fancyvrb.sty
    Style option: `fancyvrb' v2.7a, with DG/SPQR fixes, and firstline=lastline fix 
    <2008/02/07> (tvz))
    (/usr/share/texlive/texmf-dist/tex/latex/oberdiek/grffile.sty
    (/usr/share/texlive/texmf-dist/tex/latex/oberdiek/kvoptions.sty
    (/usr/share/texlive/texmf-dist/tex/generic/oberdiek/kvsetkeys.sty
    (/usr/share/texlive/texmf-dist/tex/generic/oberdiek/etexcmds.sty
    (/usr/share/texlive/texmf-dist/tex/generic/oberdiek/ifluatex.sty))))
    (/usr/share/texlive/texmf-dist/tex/generic/oberdiek/pdftexcmds.sty))
    (/usr/share/texlive/texmf-dist/tex/latex/hyperref/hyperref.sty
    (/usr/share/texlive/texmf-dist/tex/generic/oberdiek/hobsub-hyperref.sty
    (/usr/share/texlive/texmf-dist/tex/generic/oberdiek/hobsub-generic.sty))
    (/usr/share/texlive/texmf-dist/tex/latex/oberdiek/auxhook.sty)
    (/usr/share/texlive/texmf-dist/tex/latex/hyperref/pd1enc.def)
    (/usr/share/texlive/texmf-dist/tex/latex/latexconfig/hyperref.cfg)
    (/usr/share/texlive/texmf-dist/tex/latex/url/url.sty))
    
    Package hyperref Message: Driver (autodetected): hpdftex.
    
    (/usr/share/texlive/texmf-dist/tex/latex/hyperref/hpdftex.def
    (/usr/share/texlive/texmf-dist/tex/latex/oberdiek/rerunfilecheck.sty))
    (/usr/share/texlive/texmf-dist/tex/latex/tools/longtable.sty)
    (/usr/share/texlive/texmf-dist/tex/latex/booktabs/booktabs.sty)
    (/usr/share/texlive/texmf-dist/tex/generic/ulem/ulem.sty)
    (/usr/share/texlive/texmf-dist/tex/latex/mdframed/mdframed.sty
    (/usr/share/texlive/texmf-dist/tex/latex/l3packages/xparse/xparse.sty
    (/usr/share/texlive/texmf-dist/tex/latex/l3kernel/expl3.sty
    (/usr/share/texlive/texmf-dist/tex/latex/l3kernel/expl3-code.tex)
    (/usr/share/texlive/texmf-dist/tex/latex/l3kernel/l3pdfmode.def)))
    (/usr/share/texlive/texmf-dist/tex/latex/etoolbox/etoolbox.sty)
    (/usr/share/texlive/texmf-dist/tex/latex/oberdiek/zref-abspage.sty
    (/usr/share/texlive/texmf-dist/tex/latex/oberdiek/zref-base.sty))
    (/usr/share/texlive/texmf-dist/tex/latex/needspace/needspace.sty)
    (/usr/share/texlive/texmf-dist/tex/latex/pgf/frontendlayer/tikz.sty
    (/usr/share/texlive/texmf-dist/tex/latex/pgf/basiclayer/pgf.sty
    (/usr/share/texlive/texmf-dist/tex/latex/pgf/utilities/pgfrcs.sty
    (/usr/share/texlive/texmf-dist/tex/generic/pgf/utilities/pgfutil-common.tex
    (/usr/share/texlive/texmf-dist/tex/generic/pgf/utilities/pgfutil-common-lists.t
    ex)) (/usr/share/texlive/texmf-dist/tex/generic/pgf/utilities/pgfutil-latex.def
    (/usr/share/texlive/texmf-dist/tex/latex/ms/everyshi.sty))
    (/usr/share/texlive/texmf-dist/tex/generic/pgf/utilities/pgfrcs.code.tex))
    (/usr/share/texlive/texmf-dist/tex/latex/pgf/basiclayer/pgfcore.sty
    (/usr/share/texlive/texmf-dist/tex/latex/pgf/systemlayer/pgfsys.sty
    (/usr/share/texlive/texmf-dist/tex/generic/pgf/systemlayer/pgfsys.code.tex
    (/usr/share/texlive/texmf-dist/tex/generic/pgf/utilities/pgfkeys.code.tex
    (/usr/share/texlive/texmf-dist/tex/generic/pgf/utilities/pgfkeysfiltered.code.t
    ex)) (/usr/share/texlive/texmf-dist/tex/generic/pgf/systemlayer/pgf.cfg)
    (/usr/share/texlive/texmf-dist/tex/generic/pgf/systemlayer/pgfsys-pdftex.def
    (/usr/share/texlive/texmf-dist/tex/generic/pgf/systemlayer/pgfsys-common-pdf.de
    f)))
    (/usr/share/texlive/texmf-dist/tex/generic/pgf/systemlayer/pgfsyssoftpath.code.
    tex)
    (/usr/share/texlive/texmf-dist/tex/generic/pgf/systemlayer/pgfsysprotocol.code.
    tex))
    (/usr/share/texlive/texmf-dist/tex/generic/pgf/basiclayer/pgfcore.code.tex
    (/usr/share/texlive/texmf-dist/tex/generic/pgf/math/pgfmath.code.tex
    (/usr/share/texlive/texmf-dist/tex/generic/pgf/math/pgfmathcalc.code.tex
    (/usr/share/texlive/texmf-dist/tex/generic/pgf/math/pgfmathutil.code.tex)
    (/usr/share/texlive/texmf-dist/tex/generic/pgf/math/pgfmathparser.code.tex)
    (/usr/share/texlive/texmf-dist/tex/generic/pgf/math/pgfmathfunctions.code.tex
    (/usr/share/texlive/texmf-dist/tex/generic/pgf/math/pgfmathfunctions.basic.code
    .tex)
    (/usr/share/texlive/texmf-dist/tex/generic/pgf/math/pgfmathfunctions.trigonomet
    ric.code.tex)
    (/usr/share/texlive/texmf-dist/tex/generic/pgf/math/pgfmathfunctions.random.cod
    e.tex)
    (/usr/share/texlive/texmf-dist/tex/generic/pgf/math/pgfmathfunctions.comparison
    .code.tex)
    (/usr/share/texlive/texmf-dist/tex/generic/pgf/math/pgfmathfunctions.base.code.
    tex)
    (/usr/share/texlive/texmf-dist/tex/generic/pgf/math/pgfmathfunctions.round.code
    .tex)
    (/usr/share/texlive/texmf-dist/tex/generic/pgf/math/pgfmathfunctions.misc.code.
    tex)
    (/usr/share/texlive/texmf-dist/tex/generic/pgf/math/pgfmathfunctions.integerari
    thmetics.code.tex)))
    (/usr/share/texlive/texmf-dist/tex/generic/pgf/math/pgfmathfloat.code.tex))
    (/usr/share/texlive/texmf-dist/tex/generic/pgf/basiclayer/pgfcorepoints.code.te
    x)
    (/usr/share/texlive/texmf-dist/tex/generic/pgf/basiclayer/pgfcorepathconstruct.
    code.tex)
    (/usr/share/texlive/texmf-dist/tex/generic/pgf/basiclayer/pgfcorepathusage.code
    .tex)
    (/usr/share/texlive/texmf-dist/tex/generic/pgf/basiclayer/pgfcorescopes.code.te
    x)
    (/usr/share/texlive/texmf-dist/tex/generic/pgf/basiclayer/pgfcoregraphicstate.c
    ode.tex)
    (/usr/share/texlive/texmf-dist/tex/generic/pgf/basiclayer/pgfcoretransformation
    s.code.tex)
    (/usr/share/texlive/texmf-dist/tex/generic/pgf/basiclayer/pgfcorequick.code.tex
    )
    (/usr/share/texlive/texmf-dist/tex/generic/pgf/basiclayer/pgfcoreobjects.code.t
    ex)
    (/usr/share/texlive/texmf-dist/tex/generic/pgf/basiclayer/pgfcorepathprocessing
    .code.tex)
    (/usr/share/texlive/texmf-dist/tex/generic/pgf/basiclayer/pgfcorearrows.code.te
    x)
    (/usr/share/texlive/texmf-dist/tex/generic/pgf/basiclayer/pgfcoreshade.code.tex
    )
    (/usr/share/texlive/texmf-dist/tex/generic/pgf/basiclayer/pgfcoreimage.code.tex
    
    (/usr/share/texlive/texmf-dist/tex/generic/pgf/basiclayer/pgfcoreexternal.code.
    tex))
    (/usr/share/texlive/texmf-dist/tex/generic/pgf/basiclayer/pgfcorelayers.code.te
    x)
    (/usr/share/texlive/texmf-dist/tex/generic/pgf/basiclayer/pgfcoretransparency.c
    ode.tex)
    (/usr/share/texlive/texmf-dist/tex/generic/pgf/basiclayer/pgfcorepatterns.code.
    tex)))
    (/usr/share/texlive/texmf-dist/tex/generic/pgf/modules/pgfmoduleshapes.code.tex
    ) (/usr/share/texlive/texmf-dist/tex/generic/pgf/modules/pgfmoduleplot.code.tex
    )
    (/usr/share/texlive/texmf-dist/tex/latex/pgf/compatibility/pgfcomp-version-0-65
    .sty)
    (/usr/share/texlive/texmf-dist/tex/latex/pgf/compatibility/pgfcomp-version-1-18
    .sty)) (/usr/share/texlive/texmf-dist/tex/latex/pgf/utilities/pgffor.sty
    (/usr/share/texlive/texmf-dist/tex/latex/pgf/utilities/pgfkeys.sty
    (/usr/share/texlive/texmf-dist/tex/generic/pgf/utilities/pgfkeys.code.tex))
    (/usr/share/texlive/texmf-dist/tex/latex/pgf/math/pgfmath.sty
    (/usr/share/texlive/texmf-dist/tex/generic/pgf/math/pgfmath.code.tex))
    (/usr/share/texlive/texmf-dist/tex/generic/pgf/utilities/pgffor.code.tex
    (/usr/share/texlive/texmf-dist/tex/generic/pgf/math/pgfmath.code.tex)))
    (/usr/share/texlive/texmf-dist/tex/generic/pgf/frontendlayer/tikz/tikz.code.tex
    
    (/usr/share/texlive/texmf-dist/tex/generic/pgf/libraries/pgflibraryplothandlers
    .code.tex)
    (/usr/share/texlive/texmf-dist/tex/generic/pgf/modules/pgfmodulematrix.code.tex
    )
    (/usr/share/texlive/texmf-dist/tex/generic/pgf/frontendlayer/tikz/libraries/tik
    zlibrarytopaths.code.tex)))
    (/usr/share/texlive/texmf-dist/tex/latex/mdframed/md-frame-1.mdf))
    No file notebook.aux.
    (/usr/share/texlive/texmf-dist/tex/latex/base/ts1cmr.fd)
    (/usr/share/texlive/texmf-dist/tex/latex/psnfss/t1ppl.fd)
    (/usr/share/texlive/texmf-dist/tex/context/base/mkii/supp-pdf.mkii
    [Loading MPS to PDF converter (version 2006.09.02).]
    ) (/usr/share/texlive/texmf-dist/tex/latex/oberdiek/epstopdf-base.sty
    (/usr/share/texlive/texmf-dist/tex/latex/oberdiek/grfext.sty)
    (/usr/share/texlive/texmf-dist/tex/latex/latexconfig/epstopdf-sys.cfg))
    (/usr/share/texlive/texmf-dist/tex/latex/caption/ltcaption.sty)
    *geometry* driver: auto-detecting
    *geometry* detected driver: pdftex
    *geometry* verbose mode - [ preamble ] result:
    * driver: pdftex
    * paper: <default>
    * layout: <same size as paper>
    * layoutoffset:(h,v)=(0.0pt,0.0pt)
    * modes: 
    * h-part:(L,W,R)=(72.26999pt, 469.75502pt, 72.26999pt)
    * v-part:(T,H,B)=(72.26999pt, 650.43001pt, 72.26999pt)
    * \paperwidth=614.295pt
    * \paperheight=794.96999pt
    * \textwidth=469.75502pt
    * \textheight=650.43001pt
    * \oddsidemargin=0.0pt
    * \evensidemargin=0.0pt
    * \topmargin=-37.0pt
    * \headheight=12.0pt
    * \headsep=25.0pt
    * \topskip=11.0pt
    * \footskip=30.0pt
    * \marginparwidth=59.0pt
    * \marginparsep=10.0pt
    * \columnsep=10.0pt
    * \skip\footins=10.0pt plus 4.0pt minus 2.0pt
    * \hoffset=0.0pt
    * \voffset=0.0pt
    * \mag=1000
    * \@twocolumnfalse
    * \@twosidefalse
    * \@mparswitchfalse
    * \@reversemarginfalse
    * (1in=72.27pt=25.4mm, 1cm=28.453pt)
    
    (/usr/share/texlive/texmf-dist/tex/latex/ucs/ucsencs.def)
    (/usr/share/texlive/texmf-dist/tex/latex/hyperref/nameref.sty
    (/usr/share/texlive/texmf-dist/tex/generic/oberdiek/gettitlestring.sty))
    ABD: EveryShipout initializing macros
    (/usr/share/texlive/texmf-dist/tex/latex/amsfonts/umsa.fd)
    (/usr/share/texlive/texmf-dist/tex/latex/amsfonts/umsb.fd)
    
    LaTeX Warning: No \author given.
    
    (/usr/share/texlive/texmf-dist/tex/latex/ucs/data/uni-0.def) [1{/var/lib/texmf/
    fonts/map/pdftex/updmap/pdftex.map}]
    <esquema-basico-svm.PNG, id=15, 416.30531pt x 307.90031pt>
    <use esquema-basico-svm.PNG>
    (/usr/share/texlive/texmf-dist/tex/latex/psnfss/ts1ppl.fd)
    <no-separable-linealmente.PNG, id=17, 190.46156pt x 180.675pt>
    <use no-separable-linealmente.PNG>
    (/usr/share/texlive/texmf-dist/tex/latex/ucs/data/uni-34.def) [2 </home/yolki/E
    scritorio/ai/md/3_3/esquema-basico-svm.PNG>]
    <ejemplo-kernel.PNG, id=25, 411.03563pt x 241.65282pt>
    <use ejemplo-kernel.PNG> [3 </home/yolki/Escritorio/ai/md/3_3/no-separable-line
    almente.PNG>]
    ! Missing $ inserted.
    <inserted text> 
                    $
    l.456 ...{polinómicas}: \$ K(x\_i,x\_j) = (\gamma
                                                       x\_i\^{}T x\_j
    ? 
    ! Emergency stop.
    <inserted text> 
                    $
    l.456 ...{polinómicas}: \$ K(x\_i,x\_j) = (\gamma
                                                       x\_i\^{}T x\_j
    !  ==> Fatal error occurred, no output PDF file produced!
    Transcript written on notebook.log.
    Traceback (most recent call last):
      File "/home/yolki/anaconda2/lib/python2.7/site-packages/notebook/nbconvert/handlers.py", line 104, in get
        "config_dir": self.application.settings['config_dir'],
      File "/home/yolki/anaconda2/lib/python2.7/site-packages/nbconvert/exporters/pdf.py", line 175, in from_notebook_node
        raise LatexFailed('\n'.join(self._captured_output))
    LatexFailed: PDF creating failed, captured latex output:
    This is pdfTeX, Version 3.14159265-2.6-1.40.17 (TeX Live 2016/Debian) (preloaded format=pdflatex)
     restricted \write18 enabled.
    entering extended mode
    (./notebook.tex
    LaTeX2e <2016/03/31>
    Babel <3.9r> and hyphenation patterns for 3 language(s) loaded.
    (/usr/share/texlive/texmf-dist/tex/latex/base/article.cls
    Document Class: article 2014/09/29 v1.4h Standard LaTeX document class
    (/usr/share/texlive/texmf-dist/tex/latex/base/size11.clo))
    (/usr/share/texlive/texmf-dist/tex/latex/base/fontenc.sty
    (/usr/share/texlive/texmf-dist/tex/latex/base/t1enc.def))
    (/usr/share/texlive/texmf-dist/tex/latex/psnfss/palatino.sty)
    (/usr/share/texlive/texmf-dist/tex/latex/graphics/graphicx.sty
    (/usr/share/texlive/texmf-dist/tex/latex/graphics/keyval.sty)
    (/usr/share/texlive/texmf-dist/tex/latex/graphics/graphics.sty
    (/usr/share/texlive/texmf-dist/tex/latex/graphics/trig.sty)
    (/usr/share/texlive/texmf-dist/tex/latex/graphics-cfg/graphics.cfg)
    (/usr/share/texlive/texmf-dist/tex/latex/pdftex-def/pdftex.def
    (/usr/share/texlive/texmf-dist/tex/generic/oberdiek/infwarerr.sty)
    (/usr/share/texlive/texmf-dist/tex/generic/oberdiek/ltxcmds.sty))))
    (/usr/share/texlive/texmf-dist/tex/latex/caption/caption.sty
    (/usr/share/texlive/texmf-dist/tex/latex/caption/caption3.sty))
    (/usr/share/texlive/texmf-dist/tex/latex/adjustbox/adjustbox.sty
    (/usr/share/texlive/texmf-dist/tex/latex/xkeyval/xkeyval.sty
    (/usr/share/texlive/texmf-dist/tex/generic/xkeyval/xkeyval.tex
    (/usr/share/texlive/texmf-dist/tex/generic/xkeyval/xkvutils.tex)))
    (/usr/share/texlive/texmf-dist/tex/latex/adjustbox/adjcalc.sty)
    (/usr/share/texlive/texmf-dist/tex/latex/adjustbox/trimclip.sty
    (/usr/share/texlive/texmf-dist/tex/latex/collectbox/collectbox.sty)
    (/usr/share/texlive/texmf-dist/tex/latex/adjustbox/tc-pdftex.def))
    (/usr/share/texlive/texmf-dist/tex/latex/ifoddpage/ifoddpage.sty)
    (/usr/share/texlive/texmf-dist/tex/latex/varwidth/varwidth.sty))
    (/usr/share/texlive/texmf-dist/tex/latex/xcolor/xcolor.sty
    (/usr/share/texlive/texmf-dist/tex/latex/graphics-cfg/color.cfg))
    (/usr/share/texlive/texmf-dist/tex/latex/tools/enumerate.sty)
    (/usr/share/texlive/texmf-dist/tex/latex/geometry/geometry.sty
    (/usr/share/texlive/texmf-dist/tex/generic/oberdiek/ifpdf.sty)
    (/usr/share/texlive/texmf-dist/tex/generic/oberdiek/ifvtex.sty)
    (/usr/share/texlive/texmf-dist/tex/generic/ifxetex/ifxetex.sty))
    (/usr/share/texlive/texmf-dist/tex/latex/amsmath/amsmath.sty
    For additional information on amsmath, use the `?' option.
    (/usr/share/texlive/texmf-dist/tex/latex/amsmath/amstext.sty
    (/usr/share/texlive/texmf-dist/tex/latex/amsmath/amsgen.sty))
    (/usr/share/texlive/texmf-dist/tex/latex/amsmath/amsbsy.sty)
    (/usr/share/texlive/texmf-dist/tex/latex/amsmath/amsopn.sty))
    (/usr/share/texlive/texmf-dist/tex/latex/amsfonts/amssymb.sty
    (/usr/share/texlive/texmf-dist/tex/latex/amsfonts/amsfonts.sty))
    (/usr/share/texlive/texmf-dist/tex/latex/base/textcomp.sty
    (/usr/share/texlive/texmf-dist/tex/latex/base/ts1enc.def))
    (/usr/share/texlive/texmf-dist/tex/latex/upquote/upquote.sty)
    (/usr/share/texlive/texmf-dist/tex/latex/eurosym/eurosym.sty)
    (/usr/share/texlive/texmf-dist/tex/latex/ucs/ucs.sty
    (/usr/share/texlive/texmf-dist/tex/latex/ucs/data/uni-global.def))
    (/usr/share/texlive/texmf-dist/tex/latex/base/inputenc.sty
    (/usr/share/texlive/texmf-dist/tex/latex/ucs/utf8x.def))
    (/usr/share/texlive/texmf-dist/tex/latex/fancyvrb/fancyvrb.sty
    Style option: `fancyvrb' v2.7a, with DG/SPQR fixes, and firstline=lastline fix 
    <2008/02/07> (tvz))
    (/usr/share/texlive/texmf-dist/tex/latex/oberdiek/grffile.sty
    (/usr/share/texlive/texmf-dist/tex/latex/oberdiek/kvoptions.sty
    (/usr/share/texlive/texmf-dist/tex/generic/oberdiek/kvsetkeys.sty
    (/usr/share/texlive/texmf-dist/tex/generic/oberdiek/etexcmds.sty
    (/usr/share/texlive/texmf-dist/tex/generic/oberdiek/ifluatex.sty))))
    (/usr/share/texlive/texmf-dist/tex/generic/oberdiek/pdftexcmds.sty))
    (/usr/share/texlive/texmf-dist/tex/latex/hyperref/hyperref.sty
    (/usr/share/texlive/texmf-dist/tex/generic/oberdiek/hobsub-hyperref.sty
    (/usr/share/texlive/texmf-dist/tex/generic/oberdiek/hobsub-generic.sty))
    (/usr/share/texlive/texmf-dist/tex/latex/oberdiek/auxhook.sty)
    (/usr/share/texlive/texmf-dist/tex/latex/hyperref/pd1enc.def)
    (/usr/share/texlive/texmf-dist/tex/latex/latexconfig/hyperref.cfg)
    (/usr/share/texlive/texmf-dist/tex/latex/url/url.sty))
    
    Package hyperref Message: Driver (autodetected): hpdftex.
    
    (/usr/share/texlive/texmf-dist/tex/latex/hyperref/hpdftex.def
    (/usr/share/texlive/texmf-dist/tex/latex/oberdiek/rerunfilecheck.sty))
    (/usr/share/texlive/texmf-dist/tex/latex/tools/longtable.sty)
    (/usr/share/texlive/texmf-dist/tex/latex/booktabs/booktabs.sty)
    (/usr/share/texlive/texmf-dist/tex/generic/ulem/ulem.sty)
    (/usr/share/texlive/texmf-dist/tex/latex/mdframed/mdframed.sty
    (/usr/share/texlive/texmf-dist/tex/latex/l3packages/xparse/xparse.sty
    (/usr/share/texlive/texmf-dist/tex/latex/l3kernel/expl3.sty
    (/usr/share/texlive/texmf-dist/tex/latex/l3kernel/expl3-code.tex)
    (/usr/share/texlive/texmf-dist/tex/latex/l3kernel/l3pdfmode.def)))
    (/usr/share/texlive/texmf-dist/tex/latex/etoolbox/etoolbox.sty)
    (/usr/share/texlive/texmf-dist/tex/latex/oberdiek/zref-abspage.sty
    (/usr/share/texlive/texmf-dist/tex/latex/oberdiek/zref-base.sty))
    (/usr/share/texlive/texmf-dist/tex/latex/needspace/needspace.sty)
    (/usr/share/texlive/texmf-dist/tex/latex/pgf/frontendlayer/tikz.sty
    (/usr/share/texlive/texmf-dist/tex/latex/pgf/basiclayer/pgf.sty
    (/usr/share/texlive/texmf-dist/tex/latex/pgf/utilities/pgfrcs.sty
    (/usr/share/texlive/texmf-dist/tex/generic/pgf/utilities/pgfutil-common.tex
    (/usr/share/texlive/texmf-dist/tex/generic/pgf/utilities/pgfutil-common-lists.t
    ex)) (/usr/share/texlive/texmf-dist/tex/generic/pgf/utilities/pgfutil-latex.def
    (/usr/share/texlive/texmf-dist/tex/latex/ms/everyshi.sty))
    (/usr/share/texlive/texmf-dist/tex/generic/pgf/utilities/pgfrcs.code.tex))
    (/usr/share/texlive/texmf-dist/tex/latex/pgf/basiclayer/pgfcore.sty
    (/usr/share/texlive/texmf-dist/tex/latex/pgf/systemlayer/pgfsys.sty
    (/usr/share/texlive/texmf-dist/tex/generic/pgf/systemlayer/pgfsys.code.tex
    (/usr/share/texlive/texmf-dist/tex/generic/pgf/utilities/pgfkeys.code.tex
    (/usr/share/texlive/texmf-dist/tex/generic/pgf/utilities/pgfkeysfiltered.code.t
    ex)) (/usr/share/texlive/texmf-dist/tex/generic/pgf/systemlayer/pgf.cfg)
    (/usr/share/texlive/texmf-dist/tex/generic/pgf/systemlayer/pgfsys-pdftex.def
    (/usr/share/texlive/texmf-dist/tex/generic/pgf/systemlayer/pgfsys-common-pdf.de
    f)))
    (/usr/share/texlive/texmf-dist/tex/generic/pgf/systemlayer/pgfsyssoftpath.code.
    tex)
    (/usr/share/texlive/texmf-dist/tex/generic/pgf/systemlayer/pgfsysprotocol.code.
    tex))
    (/usr/share/texlive/texmf-dist/tex/generic/pgf/basiclayer/pgfcore.code.tex
    (/usr/share/texlive/texmf-dist/tex/generic/pgf/math/pgfmath.code.tex
    (/usr/share/texlive/texmf-dist/tex/generic/pgf/math/pgfmathcalc.code.tex
    (/usr/share/texlive/texmf-dist/tex/generic/pgf/math/pgfmathutil.code.tex)
    (/usr/share/texlive/texmf-dist/tex/generic/pgf/math/pgfmathparser.code.tex)
    (/usr/share/texlive/texmf-dist/tex/generic/pgf/math/pgfmathfunctions.code.tex
    (/usr/share/texlive/texmf-dist/tex/generic/pgf/math/pgfmathfunctions.basic.code
    .tex)
    (/usr/share/texlive/texmf-dist/tex/generic/pgf/math/pgfmathfunctions.trigonomet
    ric.code.tex)
    (/usr/share/texlive/texmf-dist/tex/generic/pgf/math/pgfmathfunctions.random.cod
    e.tex)
    (/usr/share/texlive/texmf-dist/tex/generic/pgf/math/pgfmathfunctions.comparison
    .code.tex)
    (/usr/share/texlive/texmf-dist/tex/generic/pgf/math/pgfmathfunctions.base.code.
    tex)
    (/usr/share/texlive/texmf-dist/tex/generic/pgf/math/pgfmathfunctions.round.code
    .tex)
    (/usr/share/texlive/texmf-dist/tex/generic/pgf/math/pgfmathfunctions.misc.code.
    tex)
    (/usr/share/texlive/texmf-dist/tex/generic/pgf/math/pgfmathfunctions.integerari
    thmetics.code.tex)))
    (/usr/share/texlive/texmf-dist/tex/generic/pgf/math/pgfmathfloat.code.tex))
    (/usr/share/texlive/texmf-dist/tex/generic/pgf/basiclayer/pgfcorepoints.code.te
    x)
    (/usr/share/texlive/texmf-dist/tex/generic/pgf/basiclayer/pgfcorepathconstruct.
    code.tex)
    (/usr/share/texlive/texmf-dist/tex/generic/pgf/basiclayer/pgfcorepathusage.code
    .tex)
    (/usr/share/texlive/texmf-dist/tex/generic/pgf/basiclayer/pgfcorescopes.code.te
    x)
    (/usr/share/texlive/texmf-dist/tex/generic/pgf/basiclayer/pgfcoregraphicstate.c
    ode.tex)
    (/usr/share/texlive/texmf-dist/tex/generic/pgf/basiclayer/pgfcoretransformation
    s.code.tex)
    (/usr/share/texlive/texmf-dist/tex/generic/pgf/basiclayer/pgfcorequick.code.tex
    )
    (/usr/share/texlive/texmf-dist/tex/generic/pgf/basiclayer/pgfcoreobjects.code.t
    ex)
    (/usr/share/texlive/texmf-dist/tex/generic/pgf/basiclayer/pgfcorepathprocessing
    .code.tex)
    (/usr/share/texlive/texmf-dist/tex/generic/pgf/basiclayer/pgfcorearrows.code.te
    x)
    (/usr/share/texlive/texmf-dist/tex/generic/pgf/basiclayer/pgfcoreshade.code.tex
    )
    (/usr/share/texlive/texmf-dist/tex/generic/pgf/basiclayer/pgfcoreimage.code.tex
    
    (/usr/share/texlive/texmf-dist/tex/generic/pgf/basiclayer/pgfcoreexternal.code.
    tex))
    (/usr/share/texlive/texmf-dist/tex/generic/pgf/basiclayer/pgfcorelayers.code.te
    x)
    (/usr/share/texlive/texmf-dist/tex/generic/pgf/basiclayer/pgfcoretransparency.c
    ode.tex)
    (/usr/share/texlive/texmf-dist/tex/generic/pgf/basiclayer/pgfcorepatterns.code.
    tex)))
    (/usr/share/texlive/texmf-dist/tex/generic/pgf/modules/pgfmoduleshapes.code.tex
    ) (/usr/share/texlive/texmf-dist/tex/generic/pgf/modules/pgfmoduleplot.code.tex
    )
    (/usr/share/texlive/texmf-dist/tex/latex/pgf/compatibility/pgfcomp-version-0-65
    .sty)
    (/usr/share/texlive/texmf-dist/tex/latex/pgf/compatibility/pgfcomp-version-1-18
    .sty)) (/usr/share/texlive/texmf-dist/tex/latex/pgf/utilities/pgffor.sty
    (/usr/share/texlive/texmf-dist/tex/latex/pgf/utilities/pgfkeys.sty
    (/usr/share/texlive/texmf-dist/tex/generic/pgf/utilities/pgfkeys.code.tex))
    (/usr/share/texlive/texmf-dist/tex/latex/pgf/math/pgfmath.sty
    (/usr/share/texlive/texmf-dist/tex/generic/pgf/math/pgfmath.code.tex))
    (/usr/share/texlive/texmf-dist/tex/generic/pgf/utilities/pgffor.code.tex
    (/usr/share/texlive/texmf-dist/tex/generic/pgf/math/pgfmath.code.tex)))
    (/usr/share/texlive/texmf-dist/tex/generic/pgf/frontendlayer/tikz/tikz.code.tex
    
    (/usr/share/texlive/texmf-dist/tex/generic/pgf/libraries/pgflibraryplothandlers
    .code.tex)
    (/usr/share/texlive/texmf-dist/tex/generic/pgf/modules/pgfmodulematrix.code.tex
    )
    (/usr/share/texlive/texmf-dist/tex/generic/pgf/frontendlayer/tikz/libraries/tik
    zlibrarytopaths.code.tex)))
    (/usr/share/texlive/texmf-dist/tex/latex/mdframed/md-frame-1.mdf))
    No file notebook.aux.
    (/usr/share/texlive/texmf-dist/tex/latex/base/ts1cmr.fd)
    (/usr/share/texlive/texmf-dist/tex/latex/psnfss/t1ppl.fd)
    (/usr/share/texlive/texmf-dist/tex/context/base/mkii/supp-pdf.mkii
    [Loading MPS to PDF converter (version 2006.09.02).]
    ) (/usr/share/texlive/texmf-dist/tex/latex/oberdiek/epstopdf-base.sty
    (/usr/share/texlive/texmf-dist/tex/latex/oberdiek/grfext.sty)
    (/usr/share/texlive/texmf-dist/tex/latex/latexconfig/epstopdf-sys.cfg))
    (/usr/share/texlive/texmf-dist/tex/latex/caption/ltcaption.sty)
    *geometry* driver: auto-detecting
    *geometry* detected driver: pdftex
    *geometry* verbose mode - [ preamble ] result:
    * driver: pdftex
    * paper: <default>
    * layout: <same size as paper>
    * layoutoffset:(h,v)=(0.0pt,0.0pt)
    * modes: 
    * h-part:(L,W,R)=(72.26999pt, 469.75502pt, 72.26999pt)
    * v-part:(T,H,B)=(72.26999pt, 650.43001pt, 72.26999pt)
    * \paperwidth=614.295pt
    * \paperheight=794.96999pt
    * \textwidth=469.75502pt
    * \textheight=650.43001pt
    * \oddsidemargin=0.0pt
    * \evensidemargin=0.0pt
    * \topmargin=-37.0pt
    * \headheight=12.0pt
    * \headsep=25.0pt
    * \topskip=11.0pt
    * \footskip=30.0pt
    * \marginparwidth=59.0pt
    * \marginparsep=10.0pt
    * \columnsep=10.0pt
    * \skip\footins=10.0pt plus 4.0pt minus 2.0pt
    * \hoffset=0.0pt
    * \voffset=0.0pt
    * \mag=1000
    * \@twocolumnfalse
    * \@twosidefalse
    * \@mparswitchfalse
    * \@reversemarginfalse
    * (1in=72.27pt=25.4mm, 1cm=28.453pt)
    
    (/usr/share/texlive/texmf-dist/tex/latex/ucs/ucsencs.def)
    (/usr/share/texlive/texmf-dist/tex/latex/hyperref/nameref.sty
    (/usr/share/texlive/texmf-dist/tex/generic/oberdiek/gettitlestring.sty))
    ABD: EveryShipout initializing macros
    (/usr/share/texlive/texmf-dist/tex/latex/amsfonts/umsa.fd)
    (/usr/share/texlive/texmf-dist/tex/latex/amsfonts/umsb.fd)
    
    LaTeX Warning: No \author given.
    
    (/usr/share/texlive/texmf-dist/tex/latex/ucs/data/uni-0.def) [1{/var/lib/texmf/
    fonts/map/pdftex/updmap/pdftex.map}]
    <esquema-basico-svm.PNG, id=15, 416.30531pt x 307.90031pt>
    <use esquema-basico-svm.PNG>
    (/usr/share/texlive/texmf-dist/tex/latex/psnfss/ts1ppl.fd)
    <no-separable-linealmente.PNG, id=17, 190.46156pt x 180.675pt>
    <use no-separable-linealmente.PNG>
    (/usr/share/texlive/texmf-dist/tex/latex/ucs/data/uni-34.def) [2 </home/yolki/E
    scritorio/ai/md/3_3/esquema-basico-svm.PNG>]
    <ejemplo-kernel.PNG, id=25, 411.03563pt x 241.65282pt>
    <use ejemplo-kernel.PNG> [3 </home/yolki/Escritorio/ai/md/3_3/no-separable-line
    almente.PNG>]
    ! Missing $ inserted.
    <inserted text> 
                    $
    l.456 ...{polinómicas}: \$ K(x\_i,x\_j) = (\gamma
                                                       x\_i\^{}T x\_j
    ? 
    ! Emergency stop.
    <inserted text> 
                    $
    l.456 ...{polinómicas}: \$ K(x\_i,x\_j) = (\gamma
                                                       x\_i\^{}T x\_j
    !  ==> Fatal error occurred, no output PDF file produced!
    Transcript written on notebook.log.
    
[W 18:49:14.933 NotebookApp] 500 GET /nbconvert/pdf/p.ipynb?download=true (127.0.0.1): nbconvert failed: PDF creating failed, captured latex output:
    This is pdfTeX, Version 3.14159265-2.6-1.40.17 (TeX Live 2016/Debian) (preloaded format=pdflatex)
     restricted \write18 enabled.
    entering extended mode
    (./notebook.tex
    LaTeX2e <2016/03/31>
    Babel <3.9r> and hyphenation patterns for 3 language(s) loaded.
    (/usr/share/texlive/texmf-dist/tex/latex/base/article.cls
    Document Class: article 2014/09/29 v1.4h Standard LaTeX document class
    (/usr/share/texlive/texmf-dist/tex/latex/base/size11.clo))
    (/usr/share/texlive/texmf-dist/tex/latex/base/fontenc.sty
    (/usr/share/texlive/texmf-dist/tex/latex/base/t1enc.def))
    (/usr/share/texlive/texmf-dist/tex/latex/psnfss/palatino.sty)
    (/usr/share/texlive/texmf-dist/tex/latex/graphics/graphicx.sty
    (/usr/share/texlive/texmf-dist/tex/latex/graphics/keyval.sty)
    (/usr/share/texlive/texmf-dist/tex/latex/graphics/graphics.sty
    (/usr/share/texlive/texmf-dist/tex/latex/graphics/trig.sty)
    (/usr/share/texlive/texmf-dist/tex/latex/graphics-cfg/graphics.cfg)
    (/usr/share/texlive/texmf-dist/tex/latex/pdftex-def/pdftex.def
    (/usr/share/texlive/texmf-dist/tex/generic/oberdiek/infwarerr.sty)
    (/usr/share/texlive/texmf-dist/tex/generic/oberdiek/ltxcmds.sty))))
    (/usr/share/texlive/texmf-dist/tex/latex/caption/caption.sty
    (/usr/share/texlive/texmf-dist/tex/latex/caption/caption3.sty))
    (/usr/share/texlive/texmf-dist/tex/latex/adjustbox/adjustbox.sty
    (/usr/share/texlive/texmf-dist/tex/latex/xkeyval/xkeyval.sty
    (/usr/share/texlive/texmf-dist/tex/generic/xkeyval/xkeyval.tex
    (/usr/share/texlive/texmf-dist/tex/generic/xkeyval/xkvutils.tex)))
    (/usr/share/texlive/texmf-dist/tex/latex/adjustbox/adjcalc.sty)
    (/usr/share/texlive/texmf-dist/tex/latex/adjustbox/trimclip.sty
    (/usr/share/texlive/texmf-dist/tex/latex/collectbox/collectbox.sty)
    (/usr/share/texlive/texmf-dist/tex/latex/adjustbox/tc-pdftex.def))
    (/usr/share/texlive/texmf-dist/tex/latex/ifoddpage/ifoddpage.sty)
    (/usr/share/texlive/texmf-dist/tex/latex/varwidth/varwidth.sty))
    (/usr/share/texlive/texmf-dist/tex/latex/xcolor/xcolor.sty
    (/usr/share/texlive/texmf-dist/tex/latex/graphics-cfg/color.cfg))
    (/usr/share/texlive/texmf-dist/tex/latex/tools/enumerate.sty)
    (/usr/share/texlive/texmf-dist/tex/latex/geometry/geometry.sty
    (/usr/share/texlive/texmf-dist/tex/generic/oberdiek/ifpdf.sty)
    (/usr/share/texlive/texmf-dist/tex/generic/oberdiek/ifvtex.sty)
    (/usr/share/texlive/texmf-dist/tex/generic/ifxetex/ifxetex.sty))
    (/usr/share/texlive/texmf-dist/tex/latex/amsmath/amsmath.sty
    For additional information on amsmath, use the `?' option.
    (/usr/share/texlive/texmf-dist/tex/latex/amsmath/amstext.sty
    (/usr/share/texlive/texmf-dist/tex/latex/amsmath/amsgen.sty))
    (/usr/share/texlive/texmf-dist/tex/latex/amsmath/amsbsy.sty)
    (/usr/share/texlive/texmf-dist/tex/latex/amsmath/amsopn.sty))
    (/usr/share/texlive/texmf-dist/tex/latex/amsfonts/amssymb.sty
    (/usr/share/texlive/texmf-dist/tex/latex/amsfonts/amsfonts.sty))
    (/usr/share/texlive/texmf-dist/tex/latex/base/textcomp.sty
    (/usr/share/texlive/texmf-dist/tex/latex/base/ts1enc.def))
    (/usr/share/texlive/texmf-dist/tex/latex/upquote/upquote.sty)
    (/usr/share/texlive/texmf-dist/tex/latex/eurosym/eurosym.sty)
    (/usr/share/texlive/texmf-dist/tex/latex/ucs/ucs.sty
    (/usr/share/texlive/texmf-dist/tex/latex/ucs/data/uni-global.def))
    (/usr/share/texlive/texmf-dist/tex/latex/base/inputenc.sty
    (/usr/share/texlive/texmf-dist/tex/latex/ucs/utf8x.def))
    (/usr/share/texlive/texmf-dist/tex/latex/fancyvrb/fancyvrb.sty
    Style option: `fancyvrb' v2.7a, with DG/SPQR fixes, and firstline=lastline fix 
    <2008/02/07> (tvz))
    (/usr/share/texlive/texmf-dist/tex/latex/oberdiek/grffile.sty
    (/usr/share/texlive/texmf-dist/tex/latex/oberdiek/kvoptions.sty
    (/usr/share/texlive/texmf-dist/tex/generic/oberdiek/kvsetkeys.sty
    (/usr/share/texlive/texmf-dist/tex/generic/oberdiek/etexcmds.sty
    (/usr/share/texlive/texmf-dist/tex/generic/oberdiek/ifluatex.sty))))
    (/usr/share/texlive/texmf-dist/tex/generic/oberdiek/pdftexcmds.sty))
    (/usr/share/texlive/texmf-dist/tex/latex/hyperref/hyperref.sty
    (/usr/share/texlive/texmf-dist/tex/generic/oberdiek/hobsub-hyperref.sty
    (/usr/share/texlive/texmf-dist/tex/generic/oberdiek/hobsub-generic.sty))
    (/usr/share/texlive/texmf-dist/tex/latex/oberdiek/auxhook.sty)
    (/usr/share/texlive/texmf-dist/tex/latex/hyperref/pd1enc.def)
    (/usr/share/texlive/texmf-dist/tex/latex/latexconfig/hyperref.cfg)
    (/usr/share/texlive/texmf-dist/tex/latex/url/url.sty))
    
    Package hyperref Message: Driver (autodetected): hpdftex.
    
    (/usr/share/texlive/texmf-dist/tex/latex/hyperref/hpdftex.def
    (/usr/share/texlive/texmf-dist/tex/latex/oberdiek/rerunfilecheck.sty))
    (/usr/share/texlive/texmf-dist/tex/latex/tools/longtable.sty)
    (/usr/share/texlive/texmf-dist/tex/latex/booktabs/booktabs.sty)
    (/usr/share/texlive/texmf-dist/tex/generic/ulem/ulem.sty)
    (/usr/share/texlive/texmf-dist/tex/latex/mdframed/mdframed.sty
    (/usr/share/texlive/texmf-dist/tex/latex/l3packages/xparse/xparse.sty
    (/usr/share/texlive/texmf-dist/tex/latex/l3kernel/expl3.sty
    (/usr/share/texlive/texmf-dist/tex/latex/l3kernel/expl3-code.tex)
    (/usr/share/texlive/texmf-dist/tex/latex/l3kernel/l3pdfmode.def)))
    (/usr/share/texlive/texmf-dist/tex/latex/etoolbox/etoolbox.sty)
    (/usr/share/texlive/texmf-dist/tex/latex/oberdiek/zref-abspage.sty
    (/usr/share/texlive/texmf-dist/tex/latex/oberdiek/zref-base.sty))
    (/usr/share/texlive/texmf-dist/tex/latex/needspace/needspace.sty)
    (/usr/share/texlive/texmf-dist/tex/latex/pgf/frontendlayer/tikz.sty
    (/usr/share/texlive/texmf-dist/tex/latex/pgf/basiclayer/pgf.sty
    (/usr/share/texlive/texmf-dist/tex/latex/pgf/utilities/pgfrcs.sty
    (/usr/share/texlive/texmf-dist/tex/generic/pgf/utilities/pgfutil-common.tex
    (/usr/share/texlive/texmf-dist/tex/generic/pgf/utilities/pgfutil-common-lists.t
    ex)) (/usr/share/texlive/texmf-dist/tex/generic/pgf/utilities/pgfutil-latex.def
    (/usr/share/texlive/texmf-dist/tex/latex/ms/everyshi.sty))
    (/usr/share/texlive/texmf-dist/tex/generic/pgf/utilities/pgfrcs.code.tex))
    (/usr/share/texlive/texmf-dist/tex/latex/pgf/basiclayer/pgfcore.sty
    (/usr/share/texlive/texmf-dist/tex/latex/pgf/systemlayer/pgfsys.sty
    (/usr/share/texlive/texmf-dist/tex/generic/pgf/systemlayer/pgfsys.code.tex
    (/usr/share/texlive/texmf-dist/tex/generic/pgf/utilities/pgfkeys.code.tex
    (/usr/share/texlive/texmf-dist/tex/generic/pgf/utilities/pgfkeysfiltered.code.t
    ex)) (/usr/share/texlive/texmf-dist/tex/generic/pgf/systemlayer/pgf.cfg)
    (/usr/share/texlive/texmf-dist/tex/generic/pgf/systemlayer/pgfsys-pdftex.def
    (/usr/share/texlive/texmf-dist/tex/generic/pgf/systemlayer/pgfsys-common-pdf.de
    f)))
    (/usr/share/texlive/texmf-dist/tex/generic/pgf/systemlayer/pgfsyssoftpath.code.
    tex)
    (/usr/share/texlive/texmf-dist/tex/generic/pgf/systemlayer/pgfsysprotocol.code.
    tex))
    (/usr/share/texlive/texmf-dist/tex/generic/pgf/basiclayer/pgfcore.code.tex
    (/usr/share/texlive/texmf-dist/tex/generic/pgf/math/pgfmath.code.tex
    (/usr/share/texlive/texmf-dist/tex/generic/pgf/math/pgfmathcalc.code.tex
    (/usr/share/texlive/texmf-dist/tex/generic/pgf/math/pgfmathutil.code.tex)
    (/usr/share/texlive/texmf-dist/tex/generic/pgf/math/pgfmathparser.code.tex)
    (/usr/share/texlive/texmf-dist/tex/generic/pgf/math/pgfmathfunctions.code.tex
    (/usr/share/texlive/texmf-dist/tex/generic/pgf/math/pgfmathfunctions.basic.code
    .tex)
    (/usr/share/texlive/texmf-dist/tex/generic/pgf/math/pgfmathfunctions.trigonomet
    ric.code.tex)
    (/usr/share/texlive/texmf-dist/tex/generic/pgf/math/pgfmathfunctions.random.cod
    e.tex)
    (/usr/share/texlive/texmf-dist/tex/generic/pgf/math/pgfmathfunctions.comparison
    .code.tex)
    (/usr/share/texlive/texmf-dist/tex/generic/pgf/math/pgfmathfunctions.base.code.
    tex)
    (/usr/share/texlive/texmf-dist/tex/generic/pgf/math/pgfmathfunctions.round.code
    .tex)
    (/usr/share/texlive/texmf-dist/tex/generic/pgf/math/pgfmathfunctions.misc.code.
    tex)
    (/usr/share/texlive/texmf-dist/tex/generic/pgf/math/pgfmathfunctions.integerari
    thmetics.code.tex)))
    (/usr/share/texlive/texmf-dist/tex/generic/pgf/math/pgfmathfloat.code.tex))
    (/usr/share/texlive/texmf-dist/tex/generic/pgf/basiclayer/pgfcorepoints.code.te
    x)
    (/usr/share/texlive/texmf-dist/tex/generic/pgf/basiclayer/pgfcorepathconstruct.
    code.tex)
    (/usr/share/texlive/texmf-dist/tex/generic/pgf/basiclayer/pgfcorepathusage.code
    .tex)
    (/usr/share/texlive/texmf-dist/tex/generic/pgf/basiclayer/pgfcorescopes.code.te
    x)
    (/usr/share/texlive/texmf-dist/tex/generic/pgf/basiclayer/pgfcoregraphicstate.c
    ode.tex)
    (/usr/share/texlive/texmf-dist/tex/generic/pgf/basiclayer/pgfcoretransformation
    s.code.tex)
    (/usr/share/texlive/texmf-dist/tex/generic/pgf/basiclayer/pgfcorequick.code.tex
    )
    (/usr/share/texlive/texmf-dist/tex/generic/pgf/basiclayer/pgfcoreobjects.code.t
    ex)
    (/usr/share/texlive/texmf-dist/tex/generic/pgf/basiclayer/pgfcorepathprocessing
    .code.tex)
    (/usr/share/texlive/texmf-dist/tex/generic/pgf/basiclayer/pgfcorearrows.code.te
    x)
    (/usr/share/texlive/texmf-dist/tex/generic/pgf/basiclayer/pgfcoreshade.code.tex
    )
    (/usr/share/texlive/texmf-dist/tex/generic/pgf/basiclayer/pgfcoreimage.code.tex
    
    (/usr/share/texlive/texmf-dist/tex/generic/pgf/basiclayer/pgfcoreexternal.code.
    tex))
    (/usr/share/texlive/texmf-dist/tex/generic/pgf/basiclayer/pgfcorelayers.code.te
    x)
    (/usr/share/texlive/texmf-dist/tex/generic/pgf/basiclayer/pgfcoretransparency.c
    ode.tex)
    (/usr/share/texlive/texmf-dist/tex/generic/pgf/basiclayer/pgfcorepatterns.code.
    tex)))
    (/usr/share/texlive/texmf-dist/tex/generic/pgf/modules/pgfmoduleshapes.code.tex
    ) (/usr/share/texlive/texmf-dist/tex/generic/pgf/modules/pgfmoduleplot.code.tex
    )
    (/usr/share/texlive/texmf-dist/tex/latex/pgf/compatibility/pgfcomp-version-0-65
    .sty)
    (/usr/share/texlive/texmf-dist/tex/latex/pgf/compatibility/pgfcomp-version-1-18
    .sty)) (/usr/share/texlive/texmf-dist/tex/latex/pgf/utilities/pgffor.sty
    (/usr/share/texlive/texmf-dist/tex/latex/pgf/utilities/pgfkeys.sty
    (/usr/share/texlive/texmf-dist/tex/generic/pgf/utilities/pgfkeys.code.tex))
    (/usr/share/texlive/texmf-dist/tex/latex/pgf/math/pgfmath.sty
    (/usr/share/texlive/texmf-dist/tex/generic/pgf/math/pgfmath.code.tex))
    (/usr/share/texlive/texmf-dist/tex/generic/pgf/utilities/pgffor.code.tex
    (/usr/share/texlive/texmf-dist/tex/generic/pgf/math/pgfmath.code.tex)))
    (/usr/share/texlive/texmf-dist/tex/generic/pgf/frontendlayer/tikz/tikz.code.tex
    
    (/usr/share/texlive/texmf-dist/tex/generic/pgf/libraries/pgflibraryplothandlers
    .code.tex)
    (/usr/share/texlive/texmf-dist/tex/generic/pgf/modules/pgfmodulematrix.code.tex
    )
    (/usr/share/texlive/texmf-dist/tex/generic/pgf/frontendlayer/tikz/libraries/tik
    zlibrarytopaths.code.tex)))
    (/usr/share/texlive/texmf-dist/tex/latex/mdframed/md-frame-1.mdf))
    No file notebook.aux.
    (/usr/share/texlive/texmf-dist/tex/latex/base/ts1cmr.fd)
    (/usr/share/texlive/texmf-dist/tex/latex/psnfss/t1ppl.fd)
    (/usr/share/texlive/texmf-dist/tex/context/base/mkii/supp-pdf.mkii
    [Loading MPS to PDF converter (version 2006.09.02).]
    ) (/usr/share/texlive/texmf-dist/tex/latex/oberdiek/epstopdf-base.sty
    (/usr/share/texlive/texmf-dist/tex/latex/oberdiek/grfext.sty)
    (/usr/share/texlive/texmf-dist/tex/latex/latexconfig/epstopdf-sys.cfg))
    (/usr/share/texlive/texmf-dist/tex/latex/caption/ltcaption.sty)
    *geometry* driver: auto-detecting
    *geometry* detected driver: pdftex
    *geometry* verbose mode - [ preamble ] result:
    * driver: pdftex
    * paper: <default>
    * layout: <same size as paper>
    * layoutoffset:(h,v)=(0.0pt,0.0pt)
    * modes: 
    * h-part:(L,W,R)=(72.26999pt, 469.75502pt, 72.26999pt)
    * v-part:(T,H,B)=(72.26999pt, 650.43001pt, 72.26999pt)
    * \paperwidth=614.295pt
    * \paperheight=794.96999pt
    * \textwidth=469.75502pt
    * \textheight=650.43001pt
    * \oddsidemargin=0.0pt
    * \evensidemargin=0.0pt
    * \topmargin=-37.0pt
    * \headheight=12.0pt
    * \headsep=25.0pt
    * \topskip=11.0pt
    * \footskip=30.0pt
    * \marginparwidth=59.0pt
    * \marginparsep=10.0pt
    * \columnsep=10.0pt
    * \skip\footins=10.0pt plus 4.0pt minus 2.0pt
    * \hoffset=0.0pt
    * \voffset=0.0pt
    * \mag=1000
    * \@twocolumnfalse
    * \@twosidefalse
    * \@mparswitchfalse
    * \@reversemarginfalse
    * (1in=72.27pt=25.4mm, 1cm=28.453pt)
    
    (/usr/share/texlive/texmf-dist/tex/latex/ucs/ucsencs.def)
    (/usr/share/texlive/texmf-dist/tex/latex/hyperref/nameref.sty
    (/usr/share/texlive/texmf-dist/tex/generic/oberdiek/gettitlestring.sty))
    ABD: EveryShipout initializing macros
    (/usr/share/texlive/texmf-dist/tex/latex/amsfonts/umsa.fd)
    (/usr/share/texlive/texmf-dist/tex/latex/amsfonts/umsb.fd)
    
    LaTeX Warning: No \author given.
    
    (/usr/share/texlive/texmf-dist/tex/latex/ucs/data/uni-0.def) [1{/var/lib/texmf/
    fonts/map/pdftex/updmap/pdftex.map}]
    <esquema-basico-svm.PNG, id=15, 416.30531pt x 307.90031pt>
    <use esquema-basico-svm.PNG>
    (/usr/share/texlive/texmf-dist/tex/latex/psnfss/ts1ppl.fd)
    <no-separable-linealmente.PNG, id=17, 190.46156pt x 180.675pt>
    <use no-separable-linealmente.PNG>
    (/usr/share/texlive/texmf-dist/tex/latex/ucs/data/uni-34.def) [2 </home/yolki/E
    scritorio/ai/md/3_3/esquema-basico-svm.PNG>]
    <ejemplo-kernel.PNG, id=25, 411.03563pt x 241.65282pt>
    <use ejemplo-kernel.PNG> [3 </home/yolki/Escritorio/ai/md/3_3/no-separable-line
    almente.PNG>]
    ! Missing $ inserted.
    <inserted text> 
                    $
    l.456 ...{polinómicas}: \$ K(x\_i,x\_j) = (\gamma
                                                       x\_i\^{}T x\_j
    ? 
    ! Emergency stop.
    <inserted text> 
                    $
    l.456 ...{polinómicas}: \$ K(x\_i,x\_j) = (\gamma
                                                       x\_i\^{}T x\_j
    !  ==> Fatal error occurred, no output PDF file produced!
    Transcript written on notebook.log.
    
[E 18:49:14.990 NotebookApp] Uncaught exception in write_error
    Traceback (most recent call last):
      File "/home/yolki/anaconda2/lib/python2.7/site-packages/tornado/web.py", line 994, in send_error
        self.write_error(status_code, **kwargs)
      File "/home/yolki/anaconda2/lib/python2.7/site-packages/notebook/base/handlers.py", line 413, in write_error
        html = self.render_template('error.html', **ns)
      File "/home/yolki/anaconda2/lib/python2.7/site-packages/notebook/base/handlers.py", line 344, in render_template
        return template.render(**ns)
      File "/home/yolki/anaconda2/lib/python2.7/site-packages/jinja2/environment.py", line 1008, in render
        return self.environment.handle_exception(exc_info, True)
      File "/home/yolki/anaconda2/lib/python2.7/site-packages/jinja2/environment.py", line 780, in handle_exception
        reraise(exc_type, exc_value, tb)
      File "/home/yolki/anaconda2/lib/python2.7/site-packages/notebook/templates/error.html", line 1, in top-level template code
        {% extends "page.html" %}
      File "/home/yolki/anaconda2/lib/python2.7/site-packages/notebook/templates/page.html", line 161, in top-level template code
        {% block site %}
      File "/home/yolki/anaconda2/lib/python2.7/site-packages/notebook/templates/error.html", line 21, in block "site"
        {% block error_detail %}
      File "/home/yolki/anaconda2/lib/python2.7/site-packages/notebook/templates/error.html", line 25, in block "error_detail"
        <pre class="traceback">{{message}}</pre>
    UnicodeDecodeError: 'ascii' codec can't decode byte 0xc3 in position 13036: ordinal not in range(128)
[E 18:49:15.028 NotebookApp] {
      "Accept-Language": "en-GB,en;q=0.8,es;q=0.6", 
      "Accept-Encoding": "gzip, deflate, sdch, br", 
      "Host": "localhost:8888", 
      "Accept": "text/html,application/xhtml+xml,application/xml;q=0.9,image/webp,*/*;q=0.8", 
      "User-Agent": "Mozilla/5.0 (X11; Linux x86_64) AppleWebKit/537.36 (KHTML, like Gecko) Chrome/58.0.3029.110 Safari/537.36", 
      "Connection": "keep-alive", 
      "Referer": "http://localhost:8888/notebooks/p.ipynb", 
      "Cookie": "_xsrf=2|a3c32233|766f4370ae396110c504b8deb1086613|1496335678; username-localhost-8888=\"2|1:0|10:1496335678|23:username-localhost-8888|44:Njc1ZDc5NmUxYTNmNDIwYWEyNDk4OGE0NGNiMmE2NWU=|f14c0928bf0cd0ae8e02f5f084d9030b565e42df18cd47fb944a123c3fd5a1bb\"", 
      "Upgrade-Insecure-Requests": "1"
    }
[E 18:49:15.028 NotebookApp] 500 GET /nbconvert/pdf/p.ipynb?download=true (127.0.0.1) 7620.17ms referer=http://localhost:8888/notebooks/p.ipynb
[I 18:56:22.919 NotebookApp] Saving file at /p.ipynb
[W 18:56:22.922 NotebookApp] Saving untrusted notebook p.ipynb
[I 18:58:22.875 NotebookApp] Saving file at /p.ipynb
[W 18:58:22.878 NotebookApp] Saving untrusted notebook p.ipynb
[I 19:00:22.875 NotebookApp] Saving file at /p.ipynb
[W 19:00:22.877 NotebookApp] Saving untrusted notebook p.ipynb
[I 19:02:22.961 NotebookApp] Saving file at /p.ipynb
[W 19:02:22.964 NotebookApp] Saving untrusted notebook p.ipynb
[I 19:04:22.861 NotebookApp] Saving file at /p.ipynb
[W 19:04:22.863 NotebookApp] Saving untrusted notebook p.ipynb
[I 19:06:22.872 NotebookApp] Saving file at /p.ipynb
[W 19:06:22.876 NotebookApp] Saving untrusted notebook p.ipynb
[I 19:08:22.890 NotebookApp] Saving file at /p.ipynb
[W 19:08:22.892 NotebookApp] Saving untrusted notebook p.ipynb
[I 19:10:22.872 NotebookApp] Saving file at /p.ipynb
[W 19:10:22.874 NotebookApp] Saving untrusted notebook p.ipynb
[I 19:12:22.872 NotebookApp] Saving file at /p.ipynb
[W 19:12:22.875 NotebookApp] Saving untrusted notebook p.ipynb
[I 19:14:22.861 NotebookApp] Saving file at /p.ipynb
[W 19:14:22.863 NotebookApp] Saving untrusted notebook p.ipynb
[I 19:16:22.872 NotebookApp] Saving file at /p.ipynb
[W 19:16:22.874 NotebookApp] Saving untrusted notebook p.ipynb
[I 19:18:22.876 NotebookApp] Saving file at /p.ipynb
[W 19:18:22.878 NotebookApp] Saving untrusted notebook p.ipynb
[I 19:20:23.081 NotebookApp] Saving file at /p.ipynb
[W 19:20:23.083 NotebookApp] Saving untrusted notebook p.ipynb
[I 19:22:15.694 NotebookApp] Saving file at /p.ipynb
[W 19:22:15.697 NotebookApp] Saving untrusted notebook p.ipynb
[I 19:32:22.870 NotebookApp] Saving file at /p.ipynb
[W 19:32:22.873 NotebookApp] Saving untrusted notebook p.ipynb
[I 19:34:22.872 NotebookApp] Saving file at /p.ipynb
[W 19:34:22.874 NotebookApp] Saving untrusted notebook p.ipynb
[I 19:36:22.867 NotebookApp] Saving file at /p.ipynb
[W 19:36:22.869 NotebookApp] Saving untrusted notebook p.ipynb
[I 19:38:22.869 NotebookApp] Saving file at /p.ipynb
[W 19:38:22.871 NotebookApp] Saving untrusted notebook p.ipynb
[I 19:40:22.871 NotebookApp] Saving file at /p.ipynb
[W 19:40:22.874 NotebookApp] Saving untrusted notebook p.ipynb
[I 19:42:22.869 NotebookApp] Saving file at /p.ipynb
[W 19:42:22.871 NotebookApp] Saving untrusted notebook p.ipynb
[I 19:44:22.873 NotebookApp] Saving file at /p.ipynb
[W 19:44:22.875 NotebookApp] Saving untrusted notebook p.ipynb
[I 19:46:22.871 NotebookApp] Saving file at /p.ipynb
[I 19:48:22.871 NotebookApp] Saving file at /p.ipynb
[I 19:50:22.871 NotebookApp] Saving file at /p.ipynb
[I 19:52:22.868 NotebookApp] Saving file at /p.ipynb
[I 19:54:22.866 NotebookApp] Saving file at /p.ipynb
[I 19:56:22.872 NotebookApp] Saving file at /p.ipynb
[I 19:58:22.861 NotebookApp] Saving file at /p.ipynb
[I 20:00:22.855 NotebookApp] Saving file at /p.ipynb
[I 20:02:13.022 NotebookApp] Saving file at /p.ipynb
[I 20:03:47.720 NotebookApp] Saving file at /p.ipynb
[I 20:04:09.730 NotebookApp] Saving file at /p.ipynb
[I 20:04:49.124 NotebookApp] Kernel interrupted: a1e483d0-0728-4359-b0d6-930da4c90ef2
[I 20:04:50.754 NotebookApp] Kernel interrupted: a1e483d0-0728-4359-b0d6-930da4c90ef2
[I 20:04:51.730 NotebookApp] Kernel interrupted: a1e483d0-0728-4359-b0d6-930da4c90ef2
[I 20:04:52.369 NotebookApp] Kernel interrupted: a1e483d0-0728-4359-b0d6-930da4c90ef2
[I 20:04:52.857 NotebookApp] Kernel interrupted: a1e483d0-0728-4359-b0d6-930da4c90ef2
[I 20:04:53.236 NotebookApp] Kernel interrupted: a1e483d0-0728-4359-b0d6-930da4c90ef2
[I 20:05:12.379 NotebookApp] Saving file at /p.ipynb
[I 20:05:38.464 NotebookApp] Saving file at /p.ipynb
[I 20:05:42.146 NotebookApp] Kernel interrupted: a1e483d0-0728-4359-b0d6-930da4c90ef2
[I 20:05:45.017 NotebookApp] Kernel interrupted: a1e483d0-0728-4359-b0d6-930da4c90ef2
[I 20:06:22.873 NotebookApp] Saving file at /p.ipynb
[I 20:06:30.821 NotebookApp] Saving file at /p.ipynb
[I 20:06:33.820 NotebookApp] Saving file at /p.ipynb
[I 20:08:22.904 NotebookApp] Saving file at /p.ipynb
[I 20:10:22.854 NotebookApp] Saving file at /p.ipynb
[I 20:12:22.876 NotebookApp] Saving file at /p.ipynb
[I 20:14:18.629 NotebookApp] Saving file at /p.ipynb
[I 20:16:22.870 NotebookApp] Saving file at /p.ipynb
[I 20:18:22.873 NotebookApp] Saving file at /p.ipynb
[I 20:20:06.979 NotebookApp] Saving file at /p.ipynb
[I 20:20:22.872 NotebookApp] Saving file at /p.ipynb
[I 20:22:22.873 NotebookApp] Saving file at /p.ipynb
[I 20:24:22.865 NotebookApp] Saving file at /p.ipynb
[I 20:26:22.901 NotebookApp] Saving file at /p.ipynb
[I 20:28:22.872 NotebookApp] Saving file at /p.ipynb
[I 20:30:22.876 NotebookApp] Saving file at /p.ipynb
[I 20:32:22.871 NotebookApp] Saving file at /p.ipynb
[I 20:34:22.861 NotebookApp] Saving file at /p.ipynb
[I 20:34:39.140 NotebookApp] Saving file at /p.ipynb
[I 20:35:02.506 NotebookApp] Saving file at /p.ipynb
[I 20:35:10.204 NotebookApp] Saving file at /p.ipynb
[WARNING:flash/platform/pepper/pep_module.cpp(63)] SANDBOXED
[I 20:39:39.206 NotebookApp] Creating new file in 
[I 20:39:43.088 NotebookApp] Saving file at /untitled.txt
[I 20:40:06.031 NotebookApp] Saving file at /untitled.txt
[I 21:08:20.698 NotebookApp] Saving file at /p.ipynb
[I 21:08:57.246 NotebookApp] Kernel shutdown: a1e483d0-0728-4359-b0d6-930da4c90ef2
couldn't lock 16384 bytes of memory (secret_session): No se pudo asignar memoria
