[I 17:44:15.971 NotebookApp] [nb_conda_kernels] enabled, 3 kernels found
[I 17:44:15.979 NotebookApp] Writing notebook server cookie secret to /run/user/1000/jupyter/notebook_cookie_secret
[I 17:44:19.577 NotebookApp] [jupyter_nbextensions_configurator] enabled 0.2.4
[I 17:44:20.727 NotebookApp] [nb_anacondacloud] enabled
[I 17:44:20.762 NotebookApp] [nb_conda] enabled
[I 17:44:21.169 NotebookApp] ✓ nbpresent HTML export ENABLED
[I 17:44:21.169 NotebookApp] ✓ nbpresent PDF export ENABLED
[I 17:44:21.189 NotebookApp] Serving notebooks from local directory: /home/yolki/Escritorio/ai/md/3_4
[I 17:44:21.190 NotebookApp] 0 active kernels 
[I 17:44:21.190 NotebookApp] The Jupyter Notebook is running at: http://localhost:8888/?token=18db06d22ce698ec3a93ffd38fe319f9468be2ee5a0b6f86
[I 17:44:21.190 NotebookApp] Use Control-C to stop this server and shut down all kernels (twice to skip confirmation).
[C 17:44:21.192 NotebookApp] 
    
    Copy/paste this URL into your browser when you connect for the first time,
    to login with a token:
        http://localhost:8888/?token=18db06d22ce698ec3a93ffd38fe319f9468be2ee5a0b6f86
[I 17:44:39.877 NotebookApp] Accepting one-time-token-authenticated connection from 127.0.0.1
[I 17:45:05.417 NotebookApp] Kernel started: 0f2fcc48-209b-4543-8a6e-7437d30b4f3b
[I 17:45:05.424 NotebookApp] 302 GET /notebooks/k_means.png (127.0.0.1) 1.92ms
[I 17:45:05.426 NotebookApp] 302 GET /notebooks/confusion_matrix.PNG (127.0.0.1) 1.69ms
[I 17:46:43.601 NotebookApp] Saving file at /voronoi.py
[I 17:47:04.636 NotebookApp] Saving file at /p.ipynb
[I 17:49:04.639 NotebookApp] Saving file at /p.ipynb
[I 17:49:37.737 NotebookApp] Saving file at /p.ipynb
[I 17:51:04.920 NotebookApp] Saving file at /p.ipynb
[I 17:53:04.594 NotebookApp] Saving file at /p.ipynb
[I 17:55:04.637 NotebookApp] Saving file at /p.ipynb
[I 17:56:51.213 NotebookApp] Saving file at /helper.py
[I 17:57:04.632 NotebookApp] Saving file at /p.ipynb
[I 17:58:08.200 NotebookApp] Saving file at /helper.py
[I 17:59:04.635 NotebookApp] Saving file at /p.ipynb
[I 17:59:33.236 NotebookApp] Kernel restarted: 0f2fcc48-209b-4543-8a6e-7437d30b4f3b
[I 18:01:04.627 NotebookApp] Saving file at /p.ipynb
[I 18:03:04.638 NotebookApp] Saving file at /p.ipynb
[I 18:05:04.645 NotebookApp] Saving file at /p.ipynb
[I 18:07:04.644 NotebookApp] Saving file at /p.ipynb
[I 18:09:04.633 NotebookApp] Saving file at /p.ipynb
[I 18:11:04.634 NotebookApp] Saving file at /p.ipynb
[I 18:13:04.637 NotebookApp] Saving file at /p.ipynb
[I 18:14:10.815 NotebookApp] Saving file at /p.ipynb
[I 18:15:04.648 NotebookApp] Saving file at /p.ipynb
[I 18:15:42.519 NotebookApp] Saving file at /p.ipynb
[I 18:17:04.653 NotebookApp] Saving file at /p.ipynb
[I 18:25:04.836 NotebookApp] Saving file at /p.ipynb
[I 18:27:04.629 NotebookApp] Saving file at /p.ipynb
[I 18:29:04.748 NotebookApp] Saving file at /p.ipynb
[I 18:31:04.642 NotebookApp] Saving file at /p.ipynb
[I 18:31:17.502 NotebookApp] Saving file at /p.ipynb
[I 18:33:04.619 NotebookApp] Saving file at /p.ipynb
[I 18:35:04.630 NotebookApp] Saving file at /p.ipynb
[I 18:36:56.743 NotebookApp] Saving file at /p.ipynb
[I 18:39:04.640 NotebookApp] Saving file at /p.ipynb
[I 18:41:04.646 NotebookApp] Saving file at /p.ipynb
[I 18:43:04.611 NotebookApp] Saving file at /p.ipynb
[I 18:43:58.905 NotebookApp] Saving file at /p.ipynb
[I 18:45:04.621 NotebookApp] Saving file at /p.ipynb
[I 18:47:04.631 NotebookApp] Saving file at /p.ipynb
[I 18:49:04.636 NotebookApp] Saving file at /p.ipynb
[I 18:51:04.643 NotebookApp] Saving file at /p.ipynb
[I 18:53:04.641 NotebookApp] Saving file at /p.ipynb
[I 18:54:42.768 NotebookApp] Saving file at /p.ipynb
[I 18:55:04.602 NotebookApp] Saving file at /p.ipynb
[I 18:55:32.167 NotebookApp] Saving file at /p.ipynb
[I 18:57:04.626 NotebookApp] Saving file at /p.ipynb
[I 18:59:04.647 NotebookApp] Saving file at /p.ipynb
[I 19:01:04.643 NotebookApp] Saving file at /p.ipynb
[I 19:03:04.635 NotebookApp] Saving file at /p.ipynb
[I 19:05:04.632 NotebookApp] Saving file at /p.ipynb
[I 19:09:04.616 NotebookApp] Saving file at /p.ipynb
[I 19:09:26.549 NotebookApp] Saving file at /p.ipynb
[I 19:11:04.639 NotebookApp] Saving file at /p.ipynb
[I 19:13:04.635 NotebookApp] Saving file at /p.ipynb
[I 19:15:04.643 NotebookApp] Saving file at /p.ipynb
[I 19:17:04.638 NotebookApp] Saving file at /p.ipynb
[I 19:19:04.631 NotebookApp] Saving file at /p.ipynb
[I 19:21:04.627 NotebookApp] Saving file at /p.ipynb
[I 19:23:04.616 NotebookApp] Saving file at /p.ipynb
[I 19:25:04.627 NotebookApp] Saving file at /p.ipynb
[I 19:27:04.624 NotebookApp] Saving file at /p.ipynb
[I 19:29:04.616 NotebookApp] Saving file at /p.ipynb
[I 19:30:55.212 NotebookApp] Saving file at /p.ipynb
[I 19:33:04.618 NotebookApp] Saving file at /p.ipynb
[I 19:35:04.621 NotebookApp] Saving file at /p.ipynb
[I 19:37:04.633 NotebookApp] Saving file at /p.ipynb
[I 19:37:12.227 NotebookApp] Saving file at /p.ipynb
[I 19:39:04.628 NotebookApp] Saving file at /p.ipynb
[I 19:41:04.633 NotebookApp] Saving file at /p.ipynb
[I 19:43:04.624 NotebookApp] Saving file at /p.ipynb
[I 19:45:04.615 NotebookApp] Saving file at /p.ipynb
[I 19:45:49.966 NotebookApp] Saving file at /p.ipynb
[I 19:47:04.624 NotebookApp] Saving file at /p.ipynb
[I 19:49:04.626 NotebookApp] Saving file at /p.ipynb
[I 19:50:25.165 NotebookApp] Saving file at /p.ipynb
[I 19:51:04.638 NotebookApp] Saving file at /p.ipynb
[I 19:51:23.622 NotebookApp] Saving file at /p.ipynb
[I 19:53:04.629 NotebookApp] Saving file at /p.ipynb
[I 19:55:04.627 NotebookApp] Saving file at /p.ipynb
[I 19:57:04.613 NotebookApp] Saving file at /p.ipynb
[I 19:58:04.313 NotebookApp] Saving file at /p.ipynb
[I 19:58:42.049 NotebookApp] Saving file at /p.ipynb
[I 19:59:17.453 NotebookApp] Saving file at /p.ipynb
[I 19:59:54.115 NotebookApp] Saving file at /p.ipynb
[I 20:00:42.891 NotebookApp] Saving file at /p.ipynb
[I 20:01:04.627 NotebookApp] Saving file at /p.ipynb
[I 20:03:04.633 NotebookApp] Saving file at /p.ipynb
[I 20:04:57.254 NotebookApp] Saving file at /p.ipynb
[I 20:05:04.619 NotebookApp] Saving file at /p.ipynb
[I 20:07:04.635 NotebookApp] Saving file at /p.ipynb
[I 20:09:04.664 NotebookApp] Saving file at /p.ipynb
[I 20:09:06.464 NotebookApp] Saving file at /p.ipynb
[I 20:10:01.911 NotebookApp] Saving file at /p.ipynb
[I 20:10:15.283 NotebookApp] Saving file at /p.ipynb
[I 20:11:04.633 NotebookApp] Saving file at /p.ipynb
[I 20:11:41.673 NotebookApp] Saving file at /p.ipynb
[I 20:13:04.648 NotebookApp] Saving file at /p.ipynb
[I 20:15:04.622 NotebookApp] Saving file at /p.ipynb
[I 20:16:21.736 NotebookApp] Saving file at /p.ipynb
[I 20:17:04.616 NotebookApp] Saving file at /p.ipynb
[I 20:18:43.379 NotebookApp] Saving file at /p.ipynb
[I 20:21:04.628 NotebookApp] Saving file at /p.ipynb
[I 20:23:00.604 NotebookApp] Saving file at /p.ipynb
[I 20:23:04.612 NotebookApp] Saving file at /p.ipynb
[I 20:25:04.632 NotebookApp] Saving file at /p.ipynb
[I 20:27:04.634 NotebookApp] Saving file at /p.ipynb
[I 20:29:04.632 NotebookApp] Saving file at /p.ipynb
[I 20:29:55.405 NotebookApp] Saving file at /p.ipynb
[I 20:31:04.629 NotebookApp] Saving file at /p.ipynb
[I 20:33:04.608 NotebookApp] Saving file at /p.ipynb
[I 20:35:04.635 NotebookApp] Saving file at /p.ipynb
[I 20:35:21.614 NotebookApp] Saving file at /p.ipynb
[I 20:37:04.625 NotebookApp] Saving file at /p.ipynb
[I 20:39:04.635 NotebookApp] Saving file at /p.ipynb
[I 20:41:05.037 NotebookApp] Saving file at /p.ipynb
[I 20:42:55.053 NotebookApp] Saving file at /p.ipynb
[I 20:43:18.647 NotebookApp] Saving file at /p.ipynb
[I 20:43:40.745 NotebookApp] Support files will be in 
[I 20:43:40.747 NotebookApp] Writing 81366 bytes to notebook.tex
[I 20:43:40.748 NotebookApp] Building PDF
[I 20:43:40.748 NotebookApp] Running pdflatex 3 times: [u'pdflatex', u'notebook.tex']
[C 20:43:44.769 NotebookApp] pdflatex failed: [u'pdflatex', u'notebook.tex']
    This is pdfTeX, Version 3.14159265-2.6-1.40.17 (TeX Live 2016/Debian) (preloaded format=pdflatex)
     restricted \write18 enabled.
    entering extended mode
    (./notebook.tex
    LaTeX2e <2016/03/31>
    Babel <3.9r> and hyphenation patterns for 3 language(s) loaded.
    (/usr/share/texlive/texmf-dist/tex/latex/base/article.cls
    Document Class: article 2014/09/29 v1.4h Standard LaTeX document class
    (/usr/share/texlive/texmf-dist/tex/latex/base/size11.clo))
    (/usr/share/texlive/texmf-dist/tex/latex/base/fontenc.sty
    (/usr/share/texlive/texmf-dist/tex/latex/base/t1enc.def))
    (/usr/share/texlive/texmf-dist/tex/latex/psnfss/palatino.sty)
    (/usr/share/texlive/texmf-dist/tex/latex/graphics/graphicx.sty
    (/usr/share/texlive/texmf-dist/tex/latex/graphics/keyval.sty)
    (/usr/share/texlive/texmf-dist/tex/latex/graphics/graphics.sty
    (/usr/share/texlive/texmf-dist/tex/latex/graphics/trig.sty)
    (/usr/share/texlive/texmf-dist/tex/latex/graphics-cfg/graphics.cfg)
    (/usr/share/texlive/texmf-dist/tex/latex/pdftex-def/pdftex.def
    (/usr/share/texlive/texmf-dist/tex/generic/oberdiek/infwarerr.sty)
    (/usr/share/texlive/texmf-dist/tex/generic/oberdiek/ltxcmds.sty))))
    (/usr/share/texlive/texmf-dist/tex/latex/caption/caption.sty
    (/usr/share/texlive/texmf-dist/tex/latex/caption/caption3.sty))
    (/usr/share/texlive/texmf-dist/tex/latex/adjustbox/adjustbox.sty
    (/usr/share/texlive/texmf-dist/tex/latex/xkeyval/xkeyval.sty
    (/usr/share/texlive/texmf-dist/tex/generic/xkeyval/xkeyval.tex
    (/usr/share/texlive/texmf-dist/tex/generic/xkeyval/xkvutils.tex)))
    (/usr/share/texlive/texmf-dist/tex/latex/adjustbox/adjcalc.sty)
    (/usr/share/texlive/texmf-dist/tex/latex/adjustbox/trimclip.sty
    (/usr/share/texlive/texmf-dist/tex/latex/collectbox/collectbox.sty)
    (/usr/share/texlive/texmf-dist/tex/latex/adjustbox/tc-pdftex.def))
    (/usr/share/texlive/texmf-dist/tex/latex/ifoddpage/ifoddpage.sty)
    (/usr/share/texlive/texmf-dist/tex/latex/varwidth/varwidth.sty))
    (/usr/share/texlive/texmf-dist/tex/latex/xcolor/xcolor.sty
    (/usr/share/texlive/texmf-dist/tex/latex/graphics-cfg/color.cfg))
    (/usr/share/texlive/texmf-dist/tex/latex/tools/enumerate.sty)
    (/usr/share/texlive/texmf-dist/tex/latex/geometry/geometry.sty
    (/usr/share/texlive/texmf-dist/tex/generic/oberdiek/ifpdf.sty)
    (/usr/share/texlive/texmf-dist/tex/generic/oberdiek/ifvtex.sty)
    (/usr/share/texlive/texmf-dist/tex/generic/ifxetex/ifxetex.sty))
    (/usr/share/texlive/texmf-dist/tex/latex/amsmath/amsmath.sty
    For additional information on amsmath, use the `?' option.
    (/usr/share/texlive/texmf-dist/tex/latex/amsmath/amstext.sty
    (/usr/share/texlive/texmf-dist/tex/latex/amsmath/amsgen.sty))
    (/usr/share/texlive/texmf-dist/tex/latex/amsmath/amsbsy.sty)
    (/usr/share/texlive/texmf-dist/tex/latex/amsmath/amsopn.sty))
    (/usr/share/texlive/texmf-dist/tex/latex/amsfonts/amssymb.sty
    (/usr/share/texlive/texmf-dist/tex/latex/amsfonts/amsfonts.sty))
    (/usr/share/texlive/texmf-dist/tex/latex/base/textcomp.sty
    (/usr/share/texlive/texmf-dist/tex/latex/base/ts1enc.def))
    (/usr/share/texlive/texmf-dist/tex/latex/upquote/upquote.sty)
    (/usr/share/texlive/texmf-dist/tex/latex/eurosym/eurosym.sty)
    (/usr/share/texlive/texmf-dist/tex/latex/ucs/ucs.sty
    (/usr/share/texlive/texmf-dist/tex/latex/ucs/data/uni-global.def))
    (/usr/share/texlive/texmf-dist/tex/latex/base/inputenc.sty
    (/usr/share/texlive/texmf-dist/tex/latex/ucs/utf8x.def))
    (/usr/share/texlive/texmf-dist/tex/latex/fancyvrb/fancyvrb.sty
    Style option: `fancyvrb' v2.7a, with DG/SPQR fixes, and firstline=lastline fix 
    <2008/02/07> (tvz))
    (/usr/share/texlive/texmf-dist/tex/latex/oberdiek/grffile.sty
    (/usr/share/texlive/texmf-dist/tex/latex/oberdiek/kvoptions.sty
    (/usr/share/texlive/texmf-dist/tex/generic/oberdiek/kvsetkeys.sty
    (/usr/share/texlive/texmf-dist/tex/generic/oberdiek/etexcmds.sty
    (/usr/share/texlive/texmf-dist/tex/generic/oberdiek/ifluatex.sty))))
    (/usr/share/texlive/texmf-dist/tex/generic/oberdiek/pdftexcmds.sty))
    (/usr/share/texlive/texmf-dist/tex/latex/hyperref/hyperref.sty
    (/usr/share/texlive/texmf-dist/tex/generic/oberdiek/hobsub-hyperref.sty
    (/usr/share/texlive/texmf-dist/tex/generic/oberdiek/hobsub-generic.sty))
    (/usr/share/texlive/texmf-dist/tex/latex/oberdiek/auxhook.sty)
    (/usr/share/texlive/texmf-dist/tex/latex/hyperref/pd1enc.def)
    (/usr/share/texlive/texmf-dist/tex/latex/latexconfig/hyperref.cfg)
    (/usr/share/texlive/texmf-dist/tex/latex/url/url.sty))
    
    Package hyperref Message: Driver (autodetected): hpdftex.
    
    (/usr/share/texlive/texmf-dist/tex/latex/hyperref/hpdftex.def
    (/usr/share/texlive/texmf-dist/tex/latex/oberdiek/rerunfilecheck.sty))
    (/usr/share/texlive/texmf-dist/tex/latex/tools/longtable.sty)
    (/usr/share/texlive/texmf-dist/tex/latex/booktabs/booktabs.sty)
    (/usr/share/texlive/texmf-dist/tex/generic/ulem/ulem.sty)
    (/usr/share/texlive/texmf-dist/tex/latex/mdframed/mdframed.sty
    (/usr/share/texlive/texmf-dist/tex/latex/l3packages/xparse/xparse.sty
    (/usr/share/texlive/texmf-dist/tex/latex/l3kernel/expl3.sty
    (/usr/share/texlive/texmf-dist/tex/latex/l3kernel/expl3-code.tex)
    (/usr/share/texlive/texmf-dist/tex/latex/l3kernel/l3pdfmode.def)))
    (/usr/share/texlive/texmf-dist/tex/latex/etoolbox/etoolbox.sty)
    (/usr/share/texlive/texmf-dist/tex/latex/oberdiek/zref-abspage.sty
    (/usr/share/texlive/texmf-dist/tex/latex/oberdiek/zref-base.sty))
    (/usr/share/texlive/texmf-dist/tex/latex/needspace/needspace.sty)
    (/usr/share/texlive/texmf-dist/tex/latex/pgf/frontendlayer/tikz.sty
    (/usr/share/texlive/texmf-dist/tex/latex/pgf/basiclayer/pgf.sty
    (/usr/share/texlive/texmf-dist/tex/latex/pgf/utilities/pgfrcs.sty
    (/usr/share/texlive/texmf-dist/tex/generic/pgf/utilities/pgfutil-common.tex
    (/usr/share/texlive/texmf-dist/tex/generic/pgf/utilities/pgfutil-common-lists.t
    ex)) (/usr/share/texlive/texmf-dist/tex/generic/pgf/utilities/pgfutil-latex.def
    (/usr/share/texlive/texmf-dist/tex/latex/ms/everyshi.sty))
    (/usr/share/texlive/texmf-dist/tex/generic/pgf/utilities/pgfrcs.code.tex))
    (/usr/share/texlive/texmf-dist/tex/latex/pgf/basiclayer/pgfcore.sty
    (/usr/share/texlive/texmf-dist/tex/latex/pgf/systemlayer/pgfsys.sty
    (/usr/share/texlive/texmf-dist/tex/generic/pgf/systemlayer/pgfsys.code.tex
    (/usr/share/texlive/texmf-dist/tex/generic/pgf/utilities/pgfkeys.code.tex
    (/usr/share/texlive/texmf-dist/tex/generic/pgf/utilities/pgfkeysfiltered.code.t
    ex)) (/usr/share/texlive/texmf-dist/tex/generic/pgf/systemlayer/pgf.cfg)
    (/usr/share/texlive/texmf-dist/tex/generic/pgf/systemlayer/pgfsys-pdftex.def
    (/usr/share/texlive/texmf-dist/tex/generic/pgf/systemlayer/pgfsys-common-pdf.de
    f)))
    (/usr/share/texlive/texmf-dist/tex/generic/pgf/systemlayer/pgfsyssoftpath.code.
    tex)
    (/usr/share/texlive/texmf-dist/tex/generic/pgf/systemlayer/pgfsysprotocol.code.
    tex))
    (/usr/share/texlive/texmf-dist/tex/generic/pgf/basiclayer/pgfcore.code.tex
    (/usr/share/texlive/texmf-dist/tex/generic/pgf/math/pgfmath.code.tex
    (/usr/share/texlive/texmf-dist/tex/generic/pgf/math/pgfmathcalc.code.tex
    (/usr/share/texlive/texmf-dist/tex/generic/pgf/math/pgfmathutil.code.tex)
    (/usr/share/texlive/texmf-dist/tex/generic/pgf/math/pgfmathparser.code.tex)
    (/usr/share/texlive/texmf-dist/tex/generic/pgf/math/pgfmathfunctions.code.tex
    (/usr/share/texlive/texmf-dist/tex/generic/pgf/math/pgfmathfunctions.basic.code
    .tex)
    (/usr/share/texlive/texmf-dist/tex/generic/pgf/math/pgfmathfunctions.trigonomet
    ric.code.tex)
    (/usr/share/texlive/texmf-dist/tex/generic/pgf/math/pgfmathfunctions.random.cod
    e.tex)
    (/usr/share/texlive/texmf-dist/tex/generic/pgf/math/pgfmathfunctions.comparison
    .code.tex)
    (/usr/share/texlive/texmf-dist/tex/generic/pgf/math/pgfmathfunctions.base.code.
    tex)
    (/usr/share/texlive/texmf-dist/tex/generic/pgf/math/pgfmathfunctions.round.code
    .tex)
    (/usr/share/texlive/texmf-dist/tex/generic/pgf/math/pgfmathfunctions.misc.code.
    tex)
    (/usr/share/texlive/texmf-dist/tex/generic/pgf/math/pgfmathfunctions.integerari
    thmetics.code.tex)))
    (/usr/share/texlive/texmf-dist/tex/generic/pgf/math/pgfmathfloat.code.tex))
    (/usr/share/texlive/texmf-dist/tex/generic/pgf/basiclayer/pgfcorepoints.code.te
    x)
    (/usr/share/texlive/texmf-dist/tex/generic/pgf/basiclayer/pgfcorepathconstruct.
    code.tex)
    (/usr/share/texlive/texmf-dist/tex/generic/pgf/basiclayer/pgfcorepathusage.code
    .tex)
    (/usr/share/texlive/texmf-dist/tex/generic/pgf/basiclayer/pgfcorescopes.code.te
    x)
    (/usr/share/texlive/texmf-dist/tex/generic/pgf/basiclayer/pgfcoregraphicstate.c
    ode.tex)
    (/usr/share/texlive/texmf-dist/tex/generic/pgf/basiclayer/pgfcoretransformation
    s.code.tex)
    (/usr/share/texlive/texmf-dist/tex/generic/pgf/basiclayer/pgfcorequick.code.tex
    )
    (/usr/share/texlive/texmf-dist/tex/generic/pgf/basiclayer/pgfcoreobjects.code.t
    ex)
    (/usr/share/texlive/texmf-dist/tex/generic/pgf/basiclayer/pgfcorepathprocessing
    .code.tex)
    (/usr/share/texlive/texmf-dist/tex/generic/pgf/basiclayer/pgfcorearrows.code.te
    x)
    (/usr/share/texlive/texmf-dist/tex/generic/pgf/basiclayer/pgfcoreshade.code.tex
    )
    (/usr/share/texlive/texmf-dist/tex/generic/pgf/basiclayer/pgfcoreimage.code.tex
    
    (/usr/share/texlive/texmf-dist/tex/generic/pgf/basiclayer/pgfcoreexternal.code.
    tex))
    (/usr/share/texlive/texmf-dist/tex/generic/pgf/basiclayer/pgfcorelayers.code.te
    x)
    (/usr/share/texlive/texmf-dist/tex/generic/pgf/basiclayer/pgfcoretransparency.c
    ode.tex)
    (/usr/share/texlive/texmf-dist/tex/generic/pgf/basiclayer/pgfcorepatterns.code.
    tex)))
    (/usr/share/texlive/texmf-dist/tex/generic/pgf/modules/pgfmoduleshapes.code.tex
    ) (/usr/share/texlive/texmf-dist/tex/generic/pgf/modules/pgfmoduleplot.code.tex
    )
    (/usr/share/texlive/texmf-dist/tex/latex/pgf/compatibility/pgfcomp-version-0-65
    .sty)
    (/usr/share/texlive/texmf-dist/tex/latex/pgf/compatibility/pgfcomp-version-1-18
    .sty)) (/usr/share/texlive/texmf-dist/tex/latex/pgf/utilities/pgffor.sty
    (/usr/share/texlive/texmf-dist/tex/latex/pgf/utilities/pgfkeys.sty
    (/usr/share/texlive/texmf-dist/tex/generic/pgf/utilities/pgfkeys.code.tex))
    (/usr/share/texlive/texmf-dist/tex/latex/pgf/math/pgfmath.sty
    (/usr/share/texlive/texmf-dist/tex/generic/pgf/math/pgfmath.code.tex))
    (/usr/share/texlive/texmf-dist/tex/generic/pgf/utilities/pgffor.code.tex
    (/usr/share/texlive/texmf-dist/tex/generic/pgf/math/pgfmath.code.tex)))
    (/usr/share/texlive/texmf-dist/tex/generic/pgf/frontendlayer/tikz/tikz.code.tex
    
    (/usr/share/texlive/texmf-dist/tex/generic/pgf/libraries/pgflibraryplothandlers
    .code.tex)
    (/usr/share/texlive/texmf-dist/tex/generic/pgf/modules/pgfmodulematrix.code.tex
    )
    (/usr/share/texlive/texmf-dist/tex/generic/pgf/frontendlayer/tikz/libraries/tik
    zlibrarytopaths.code.tex)))
    (/usr/share/texlive/texmf-dist/tex/latex/mdframed/md-frame-1.mdf))
    No file notebook.aux.
    (/usr/share/texlive/texmf-dist/tex/latex/base/ts1cmr.fd)
    (/usr/share/texlive/texmf-dist/tex/latex/psnfss/t1ppl.fd)
    (/usr/share/texlive/texmf-dist/tex/context/base/mkii/supp-pdf.mkii
    [Loading MPS to PDF converter (version 2006.09.02).]
    ) (/usr/share/texlive/texmf-dist/tex/latex/oberdiek/epstopdf-base.sty
    (/usr/share/texlive/texmf-dist/tex/latex/oberdiek/grfext.sty)
    (/usr/share/texlive/texmf-dist/tex/latex/latexconfig/epstopdf-sys.cfg))
    (/usr/share/texlive/texmf-dist/tex/latex/caption/ltcaption.sty)
    *geometry* driver: auto-detecting
    *geometry* detected driver: pdftex
    *geometry* verbose mode - [ preamble ] result:
    * driver: pdftex
    * paper: <default>
    * layout: <same size as paper>
    * layoutoffset:(h,v)=(0.0pt,0.0pt)
    * modes: 
    * h-part:(L,W,R)=(72.26999pt, 469.75502pt, 72.26999pt)
    * v-part:(T,H,B)=(72.26999pt, 650.43001pt, 72.26999pt)
    * \paperwidth=614.295pt
    * \paperheight=794.96999pt
    * \textwidth=469.75502pt
    * \textheight=650.43001pt
    * \oddsidemargin=0.0pt
    * \evensidemargin=0.0pt
    * \topmargin=-37.0pt
    * \headheight=12.0pt
    * \headsep=25.0pt
    * \topskip=11.0pt
    * \footskip=30.0pt
    * \marginparwidth=59.0pt
    * \marginparsep=10.0pt
    * \columnsep=10.0pt
    * \skip\footins=10.0pt plus 4.0pt minus 2.0pt
    * \hoffset=0.0pt
    * \voffset=0.0pt
    * \mag=1000
    * \@twocolumnfalse
    * \@twosidefalse
    * \@mparswitchfalse
    * \@reversemarginfalse
    * (1in=72.27pt=25.4mm, 1cm=28.453pt)
    
    (/usr/share/texlive/texmf-dist/tex/latex/ucs/ucsencs.def)
    (/usr/share/texlive/texmf-dist/tex/latex/hyperref/nameref.sty
    (/usr/share/texlive/texmf-dist/tex/generic/oberdiek/gettitlestring.sty))
    ABD: EveryShipout initializing macros
    (/usr/share/texlive/texmf-dist/tex/latex/amsfonts/umsa.fd)
    (/usr/share/texlive/texmf-dist/tex/latex/amsfonts/umsb.fd)
    
    LaTeX Warning: No \author given.
    
    (/usr/share/texlive/texmf-dist/tex/latex/ucs/data/uni-0.def) [1{/var/lib/texmf/
    fonts/map/pdftex/updmap/pdftex.map}]
    (/usr/share/texlive/texmf-dist/tex/latex/psnfss/ts1ppl.fd)
    <k_means.png, id=16, 480.29437pt x 316.18124pt> <use k_means.png> [2 </home/yol
    ki/Escritorio/ai/md/3_4/k_means.png>]
    
    LaTeX Warning: File `http://bigdata-madesimple.com/wp-content/uploads/2015/05/i
    mage-4.png' not found on input line 415.
    
    
    ! Package pdftex.def Error: File `http://bigdata-madesimple.com/wp-content/uplo
    ads/2015/05/image-4.png' not found.
    
    See the pdftex.def package documentation for explanation.
    Type  H <return>  for immediate help.
     ...                                              
                                                      
    l.415 ...m/wp-content/uploads/2015/05/image-4.png}
                                                      
    ? 
    ! Emergency stop.
     ...                                              
                                                      
    l.415 ...m/wp-content/uploads/2015/05/image-4.png}
                                                      
    !  ==> Fatal error occurred, no output PDF file produced!
    Transcript written on notebook.log.
    
[E 20:43:44.771 NotebookApp] nbconvert failed: PDF creating failed, captured latex output:
    This is pdfTeX, Version 3.14159265-2.6-1.40.17 (TeX Live 2016/Debian) (preloaded format=pdflatex)
     restricted \write18 enabled.
    entering extended mode
    (./notebook.tex
    LaTeX2e <2016/03/31>
    Babel <3.9r> and hyphenation patterns for 3 language(s) loaded.
    (/usr/share/texlive/texmf-dist/tex/latex/base/article.cls
    Document Class: article 2014/09/29 v1.4h Standard LaTeX document class
    (/usr/share/texlive/texmf-dist/tex/latex/base/size11.clo))
    (/usr/share/texlive/texmf-dist/tex/latex/base/fontenc.sty
    (/usr/share/texlive/texmf-dist/tex/latex/base/t1enc.def))
    (/usr/share/texlive/texmf-dist/tex/latex/psnfss/palatino.sty)
    (/usr/share/texlive/texmf-dist/tex/latex/graphics/graphicx.sty
    (/usr/share/texlive/texmf-dist/tex/latex/graphics/keyval.sty)
    (/usr/share/texlive/texmf-dist/tex/latex/graphics/graphics.sty
    (/usr/share/texlive/texmf-dist/tex/latex/graphics/trig.sty)
    (/usr/share/texlive/texmf-dist/tex/latex/graphics-cfg/graphics.cfg)
    (/usr/share/texlive/texmf-dist/tex/latex/pdftex-def/pdftex.def
    (/usr/share/texlive/texmf-dist/tex/generic/oberdiek/infwarerr.sty)
    (/usr/share/texlive/texmf-dist/tex/generic/oberdiek/ltxcmds.sty))))
    (/usr/share/texlive/texmf-dist/tex/latex/caption/caption.sty
    (/usr/share/texlive/texmf-dist/tex/latex/caption/caption3.sty))
    (/usr/share/texlive/texmf-dist/tex/latex/adjustbox/adjustbox.sty
    (/usr/share/texlive/texmf-dist/tex/latex/xkeyval/xkeyval.sty
    (/usr/share/texlive/texmf-dist/tex/generic/xkeyval/xkeyval.tex
    (/usr/share/texlive/texmf-dist/tex/generic/xkeyval/xkvutils.tex)))
    (/usr/share/texlive/texmf-dist/tex/latex/adjustbox/adjcalc.sty)
    (/usr/share/texlive/texmf-dist/tex/latex/adjustbox/trimclip.sty
    (/usr/share/texlive/texmf-dist/tex/latex/collectbox/collectbox.sty)
    (/usr/share/texlive/texmf-dist/tex/latex/adjustbox/tc-pdftex.def))
    (/usr/share/texlive/texmf-dist/tex/latex/ifoddpage/ifoddpage.sty)
    (/usr/share/texlive/texmf-dist/tex/latex/varwidth/varwidth.sty))
    (/usr/share/texlive/texmf-dist/tex/latex/xcolor/xcolor.sty
    (/usr/share/texlive/texmf-dist/tex/latex/graphics-cfg/color.cfg))
    (/usr/share/texlive/texmf-dist/tex/latex/tools/enumerate.sty)
    (/usr/share/texlive/texmf-dist/tex/latex/geometry/geometry.sty
    (/usr/share/texlive/texmf-dist/tex/generic/oberdiek/ifpdf.sty)
    (/usr/share/texlive/texmf-dist/tex/generic/oberdiek/ifvtex.sty)
    (/usr/share/texlive/texmf-dist/tex/generic/ifxetex/ifxetex.sty))
    (/usr/share/texlive/texmf-dist/tex/latex/amsmath/amsmath.sty
    For additional information on amsmath, use the `?' option.
    (/usr/share/texlive/texmf-dist/tex/latex/amsmath/amstext.sty
    (/usr/share/texlive/texmf-dist/tex/latex/amsmath/amsgen.sty))
    (/usr/share/texlive/texmf-dist/tex/latex/amsmath/amsbsy.sty)
    (/usr/share/texlive/texmf-dist/tex/latex/amsmath/amsopn.sty))
    (/usr/share/texlive/texmf-dist/tex/latex/amsfonts/amssymb.sty
    (/usr/share/texlive/texmf-dist/tex/latex/amsfonts/amsfonts.sty))
    (/usr/share/texlive/texmf-dist/tex/latex/base/textcomp.sty
    (/usr/share/texlive/texmf-dist/tex/latex/base/ts1enc.def))
    (/usr/share/texlive/texmf-dist/tex/latex/upquote/upquote.sty)
    (/usr/share/texlive/texmf-dist/tex/latex/eurosym/eurosym.sty)
    (/usr/share/texlive/texmf-dist/tex/latex/ucs/ucs.sty
    (/usr/share/texlive/texmf-dist/tex/latex/ucs/data/uni-global.def))
    (/usr/share/texlive/texmf-dist/tex/latex/base/inputenc.sty
    (/usr/share/texlive/texmf-dist/tex/latex/ucs/utf8x.def))
    (/usr/share/texlive/texmf-dist/tex/latex/fancyvrb/fancyvrb.sty
    Style option: `fancyvrb' v2.7a, with DG/SPQR fixes, and firstline=lastline fix 
    <2008/02/07> (tvz))
    (/usr/share/texlive/texmf-dist/tex/latex/oberdiek/grffile.sty
    (/usr/share/texlive/texmf-dist/tex/latex/oberdiek/kvoptions.sty
    (/usr/share/texlive/texmf-dist/tex/generic/oberdiek/kvsetkeys.sty
    (/usr/share/texlive/texmf-dist/tex/generic/oberdiek/etexcmds.sty
    (/usr/share/texlive/texmf-dist/tex/generic/oberdiek/ifluatex.sty))))
    (/usr/share/texlive/texmf-dist/tex/generic/oberdiek/pdftexcmds.sty))
    (/usr/share/texlive/texmf-dist/tex/latex/hyperref/hyperref.sty
    (/usr/share/texlive/texmf-dist/tex/generic/oberdiek/hobsub-hyperref.sty
    (/usr/share/texlive/texmf-dist/tex/generic/oberdiek/hobsub-generic.sty))
    (/usr/share/texlive/texmf-dist/tex/latex/oberdiek/auxhook.sty)
    (/usr/share/texlive/texmf-dist/tex/latex/hyperref/pd1enc.def)
    (/usr/share/texlive/texmf-dist/tex/latex/latexconfig/hyperref.cfg)
    (/usr/share/texlive/texmf-dist/tex/latex/url/url.sty))
    
    Package hyperref Message: Driver (autodetected): hpdftex.
    
    (/usr/share/texlive/texmf-dist/tex/latex/hyperref/hpdftex.def
    (/usr/share/texlive/texmf-dist/tex/latex/oberdiek/rerunfilecheck.sty))
    (/usr/share/texlive/texmf-dist/tex/latex/tools/longtable.sty)
    (/usr/share/texlive/texmf-dist/tex/latex/booktabs/booktabs.sty)
    (/usr/share/texlive/texmf-dist/tex/generic/ulem/ulem.sty)
    (/usr/share/texlive/texmf-dist/tex/latex/mdframed/mdframed.sty
    (/usr/share/texlive/texmf-dist/tex/latex/l3packages/xparse/xparse.sty
    (/usr/share/texlive/texmf-dist/tex/latex/l3kernel/expl3.sty
    (/usr/share/texlive/texmf-dist/tex/latex/l3kernel/expl3-code.tex)
    (/usr/share/texlive/texmf-dist/tex/latex/l3kernel/l3pdfmode.def)))
    (/usr/share/texlive/texmf-dist/tex/latex/etoolbox/etoolbox.sty)
    (/usr/share/texlive/texmf-dist/tex/latex/oberdiek/zref-abspage.sty
    (/usr/share/texlive/texmf-dist/tex/latex/oberdiek/zref-base.sty))
    (/usr/share/texlive/texmf-dist/tex/latex/needspace/needspace.sty)
    (/usr/share/texlive/texmf-dist/tex/latex/pgf/frontendlayer/tikz.sty
    (/usr/share/texlive/texmf-dist/tex/latex/pgf/basiclayer/pgf.sty
    (/usr/share/texlive/texmf-dist/tex/latex/pgf/utilities/pgfrcs.sty
    (/usr/share/texlive/texmf-dist/tex/generic/pgf/utilities/pgfutil-common.tex
    (/usr/share/texlive/texmf-dist/tex/generic/pgf/utilities/pgfutil-common-lists.t
    ex)) (/usr/share/texlive/texmf-dist/tex/generic/pgf/utilities/pgfutil-latex.def
    (/usr/share/texlive/texmf-dist/tex/latex/ms/everyshi.sty))
    (/usr/share/texlive/texmf-dist/tex/generic/pgf/utilities/pgfrcs.code.tex))
    (/usr/share/texlive/texmf-dist/tex/latex/pgf/basiclayer/pgfcore.sty
    (/usr/share/texlive/texmf-dist/tex/latex/pgf/systemlayer/pgfsys.sty
    (/usr/share/texlive/texmf-dist/tex/generic/pgf/systemlayer/pgfsys.code.tex
    (/usr/share/texlive/texmf-dist/tex/generic/pgf/utilities/pgfkeys.code.tex
    (/usr/share/texlive/texmf-dist/tex/generic/pgf/utilities/pgfkeysfiltered.code.t
    ex)) (/usr/share/texlive/texmf-dist/tex/generic/pgf/systemlayer/pgf.cfg)
    (/usr/share/texlive/texmf-dist/tex/generic/pgf/systemlayer/pgfsys-pdftex.def
    (/usr/share/texlive/texmf-dist/tex/generic/pgf/systemlayer/pgfsys-common-pdf.de
    f)))
    (/usr/share/texlive/texmf-dist/tex/generic/pgf/systemlayer/pgfsyssoftpath.code.
    tex)
    (/usr/share/texlive/texmf-dist/tex/generic/pgf/systemlayer/pgfsysprotocol.code.
    tex))
    (/usr/share/texlive/texmf-dist/tex/generic/pgf/basiclayer/pgfcore.code.tex
    (/usr/share/texlive/texmf-dist/tex/generic/pgf/math/pgfmath.code.tex
    (/usr/share/texlive/texmf-dist/tex/generic/pgf/math/pgfmathcalc.code.tex
    (/usr/share/texlive/texmf-dist/tex/generic/pgf/math/pgfmathutil.code.tex)
    (/usr/share/texlive/texmf-dist/tex/generic/pgf/math/pgfmathparser.code.tex)
    (/usr/share/texlive/texmf-dist/tex/generic/pgf/math/pgfmathfunctions.code.tex
    (/usr/share/texlive/texmf-dist/tex/generic/pgf/math/pgfmathfunctions.basic.code
    .tex)
    (/usr/share/texlive/texmf-dist/tex/generic/pgf/math/pgfmathfunctions.trigonomet
    ric.code.tex)
    (/usr/share/texlive/texmf-dist/tex/generic/pgf/math/pgfmathfunctions.random.cod
    e.tex)
    (/usr/share/texlive/texmf-dist/tex/generic/pgf/math/pgfmathfunctions.comparison
    .code.tex)
    (/usr/share/texlive/texmf-dist/tex/generic/pgf/math/pgfmathfunctions.base.code.
    tex)
    (/usr/share/texlive/texmf-dist/tex/generic/pgf/math/pgfmathfunctions.round.code
    .tex)
    (/usr/share/texlive/texmf-dist/tex/generic/pgf/math/pgfmathfunctions.misc.code.
    tex)
    (/usr/share/texlive/texmf-dist/tex/generic/pgf/math/pgfmathfunctions.integerari
    thmetics.code.tex)))
    (/usr/share/texlive/texmf-dist/tex/generic/pgf/math/pgfmathfloat.code.tex))
    (/usr/share/texlive/texmf-dist/tex/generic/pgf/basiclayer/pgfcorepoints.code.te
    x)
    (/usr/share/texlive/texmf-dist/tex/generic/pgf/basiclayer/pgfcorepathconstruct.
    code.tex)
    (/usr/share/texlive/texmf-dist/tex/generic/pgf/basiclayer/pgfcorepathusage.code
    .tex)
    (/usr/share/texlive/texmf-dist/tex/generic/pgf/basiclayer/pgfcorescopes.code.te
    x)
    (/usr/share/texlive/texmf-dist/tex/generic/pgf/basiclayer/pgfcoregraphicstate.c
    ode.tex)
    (/usr/share/texlive/texmf-dist/tex/generic/pgf/basiclayer/pgfcoretransformation
    s.code.tex)
    (/usr/share/texlive/texmf-dist/tex/generic/pgf/basiclayer/pgfcorequick.code.tex
    )
    (/usr/share/texlive/texmf-dist/tex/generic/pgf/basiclayer/pgfcoreobjects.code.t
    ex)
    (/usr/share/texlive/texmf-dist/tex/generic/pgf/basiclayer/pgfcorepathprocessing
    .code.tex)
    (/usr/share/texlive/texmf-dist/tex/generic/pgf/basiclayer/pgfcorearrows.code.te
    x)
    (/usr/share/texlive/texmf-dist/tex/generic/pgf/basiclayer/pgfcoreshade.code.tex
    )
    (/usr/share/texlive/texmf-dist/tex/generic/pgf/basiclayer/pgfcoreimage.code.tex
    
    (/usr/share/texlive/texmf-dist/tex/generic/pgf/basiclayer/pgfcoreexternal.code.
    tex))
    (/usr/share/texlive/texmf-dist/tex/generic/pgf/basiclayer/pgfcorelayers.code.te
    x)
    (/usr/share/texlive/texmf-dist/tex/generic/pgf/basiclayer/pgfcoretransparency.c
    ode.tex)
    (/usr/share/texlive/texmf-dist/tex/generic/pgf/basiclayer/pgfcorepatterns.code.
    tex)))
    (/usr/share/texlive/texmf-dist/tex/generic/pgf/modules/pgfmoduleshapes.code.tex
    ) (/usr/share/texlive/texmf-dist/tex/generic/pgf/modules/pgfmoduleplot.code.tex
    )
    (/usr/share/texlive/texmf-dist/tex/latex/pgf/compatibility/pgfcomp-version-0-65
    .sty)
    (/usr/share/texlive/texmf-dist/tex/latex/pgf/compatibility/pgfcomp-version-1-18
    .sty)) (/usr/share/texlive/texmf-dist/tex/latex/pgf/utilities/pgffor.sty
    (/usr/share/texlive/texmf-dist/tex/latex/pgf/utilities/pgfkeys.sty
    (/usr/share/texlive/texmf-dist/tex/generic/pgf/utilities/pgfkeys.code.tex))
    (/usr/share/texlive/texmf-dist/tex/latex/pgf/math/pgfmath.sty
    (/usr/share/texlive/texmf-dist/tex/generic/pgf/math/pgfmath.code.tex))
    (/usr/share/texlive/texmf-dist/tex/generic/pgf/utilities/pgffor.code.tex
    (/usr/share/texlive/texmf-dist/tex/generic/pgf/math/pgfmath.code.tex)))
    (/usr/share/texlive/texmf-dist/tex/generic/pgf/frontendlayer/tikz/tikz.code.tex
    
    (/usr/share/texlive/texmf-dist/tex/generic/pgf/libraries/pgflibraryplothandlers
    .code.tex)
    (/usr/share/texlive/texmf-dist/tex/generic/pgf/modules/pgfmodulematrix.code.tex
    )
    (/usr/share/texlive/texmf-dist/tex/generic/pgf/frontendlayer/tikz/libraries/tik
    zlibrarytopaths.code.tex)))
    (/usr/share/texlive/texmf-dist/tex/latex/mdframed/md-frame-1.mdf))
    No file notebook.aux.
    (/usr/share/texlive/texmf-dist/tex/latex/base/ts1cmr.fd)
    (/usr/share/texlive/texmf-dist/tex/latex/psnfss/t1ppl.fd)
    (/usr/share/texlive/texmf-dist/tex/context/base/mkii/supp-pdf.mkii
    [Loading MPS to PDF converter (version 2006.09.02).]
    ) (/usr/share/texlive/texmf-dist/tex/latex/oberdiek/epstopdf-base.sty
    (/usr/share/texlive/texmf-dist/tex/latex/oberdiek/grfext.sty)
    (/usr/share/texlive/texmf-dist/tex/latex/latexconfig/epstopdf-sys.cfg))
    (/usr/share/texlive/texmf-dist/tex/latex/caption/ltcaption.sty)
    *geometry* driver: auto-detecting
    *geometry* detected driver: pdftex
    *geometry* verbose mode - [ preamble ] result:
    * driver: pdftex
    * paper: <default>
    * layout: <same size as paper>
    * layoutoffset:(h,v)=(0.0pt,0.0pt)
    * modes: 
    * h-part:(L,W,R)=(72.26999pt, 469.75502pt, 72.26999pt)
    * v-part:(T,H,B)=(72.26999pt, 650.43001pt, 72.26999pt)
    * \paperwidth=614.295pt
    * \paperheight=794.96999pt
    * \textwidth=469.75502pt
    * \textheight=650.43001pt
    * \oddsidemargin=0.0pt
    * \evensidemargin=0.0pt
    * \topmargin=-37.0pt
    * \headheight=12.0pt
    * \headsep=25.0pt
    * \topskip=11.0pt
    * \footskip=30.0pt
    * \marginparwidth=59.0pt
    * \marginparsep=10.0pt
    * \columnsep=10.0pt
    * \skip\footins=10.0pt plus 4.0pt minus 2.0pt
    * \hoffset=0.0pt
    * \voffset=0.0pt
    * \mag=1000
    * \@twocolumnfalse
    * \@twosidefalse
    * \@mparswitchfalse
    * \@reversemarginfalse
    * (1in=72.27pt=25.4mm, 1cm=28.453pt)
    
    (/usr/share/texlive/texmf-dist/tex/latex/ucs/ucsencs.def)
    (/usr/share/texlive/texmf-dist/tex/latex/hyperref/nameref.sty
    (/usr/share/texlive/texmf-dist/tex/generic/oberdiek/gettitlestring.sty))
    ABD: EveryShipout initializing macros
    (/usr/share/texlive/texmf-dist/tex/latex/amsfonts/umsa.fd)
    (/usr/share/texlive/texmf-dist/tex/latex/amsfonts/umsb.fd)
    
    LaTeX Warning: No \author given.
    
    (/usr/share/texlive/texmf-dist/tex/latex/ucs/data/uni-0.def) [1{/var/lib/texmf/
    fonts/map/pdftex/updmap/pdftex.map}]
    (/usr/share/texlive/texmf-dist/tex/latex/psnfss/ts1ppl.fd)
    <k_means.png, id=16, 480.29437pt x 316.18124pt> <use k_means.png> [2 </home/yol
    ki/Escritorio/ai/md/3_4/k_means.png>]
    
    LaTeX Warning: File `http://bigdata-madesimple.com/wp-content/uploads/2015/05/i
    mage-4.png' not found on input line 415.
    
    
    ! Package pdftex.def Error: File `http://bigdata-madesimple.com/wp-content/uplo
    ads/2015/05/image-4.png' not found.
    
    See the pdftex.def package documentation for explanation.
    Type  H <return>  for immediate help.
     ...                                              
                                                      
    l.415 ...m/wp-content/uploads/2015/05/image-4.png}
                                                      
    ? 
    ! Emergency stop.
     ...                                              
                                                      
    l.415 ...m/wp-content/uploads/2015/05/image-4.png}
                                                      
    !  ==> Fatal error occurred, no output PDF file produced!
    Transcript written on notebook.log.
    Traceback (most recent call last):
      File "/home/yolki/anaconda2/lib/python2.7/site-packages/notebook/nbconvert/handlers.py", line 104, in get
        "config_dir": self.application.settings['config_dir'],
      File "/home/yolki/anaconda2/lib/python2.7/site-packages/nbconvert/exporters/pdf.py", line 175, in from_notebook_node
        raise LatexFailed('\n'.join(self._captured_output))
    LatexFailed: PDF creating failed, captured latex output:
    This is pdfTeX, Version 3.14159265-2.6-1.40.17 (TeX Live 2016/Debian) (preloaded format=pdflatex)
     restricted \write18 enabled.
    entering extended mode
    (./notebook.tex
    LaTeX2e <2016/03/31>
    Babel <3.9r> and hyphenation patterns for 3 language(s) loaded.
    (/usr/share/texlive/texmf-dist/tex/latex/base/article.cls
    Document Class: article 2014/09/29 v1.4h Standard LaTeX document class
    (/usr/share/texlive/texmf-dist/tex/latex/base/size11.clo))
    (/usr/share/texlive/texmf-dist/tex/latex/base/fontenc.sty
    (/usr/share/texlive/texmf-dist/tex/latex/base/t1enc.def))
    (/usr/share/texlive/texmf-dist/tex/latex/psnfss/palatino.sty)
    (/usr/share/texlive/texmf-dist/tex/latex/graphics/graphicx.sty
    (/usr/share/texlive/texmf-dist/tex/latex/graphics/keyval.sty)
    (/usr/share/texlive/texmf-dist/tex/latex/graphics/graphics.sty
    (/usr/share/texlive/texmf-dist/tex/latex/graphics/trig.sty)
    (/usr/share/texlive/texmf-dist/tex/latex/graphics-cfg/graphics.cfg)
    (/usr/share/texlive/texmf-dist/tex/latex/pdftex-def/pdftex.def
    (/usr/share/texlive/texmf-dist/tex/generic/oberdiek/infwarerr.sty)
    (/usr/share/texlive/texmf-dist/tex/generic/oberdiek/ltxcmds.sty))))
    (/usr/share/texlive/texmf-dist/tex/latex/caption/caption.sty
    (/usr/share/texlive/texmf-dist/tex/latex/caption/caption3.sty))
    (/usr/share/texlive/texmf-dist/tex/latex/adjustbox/adjustbox.sty
    (/usr/share/texlive/texmf-dist/tex/latex/xkeyval/xkeyval.sty
    (/usr/share/texlive/texmf-dist/tex/generic/xkeyval/xkeyval.tex
    (/usr/share/texlive/texmf-dist/tex/generic/xkeyval/xkvutils.tex)))
    (/usr/share/texlive/texmf-dist/tex/latex/adjustbox/adjcalc.sty)
    (/usr/share/texlive/texmf-dist/tex/latex/adjustbox/trimclip.sty
    (/usr/share/texlive/texmf-dist/tex/latex/collectbox/collectbox.sty)
    (/usr/share/texlive/texmf-dist/tex/latex/adjustbox/tc-pdftex.def))
    (/usr/share/texlive/texmf-dist/tex/latex/ifoddpage/ifoddpage.sty)
    (/usr/share/texlive/texmf-dist/tex/latex/varwidth/varwidth.sty))
    (/usr/share/texlive/texmf-dist/tex/latex/xcolor/xcolor.sty
    (/usr/share/texlive/texmf-dist/tex/latex/graphics-cfg/color.cfg))
    (/usr/share/texlive/texmf-dist/tex/latex/tools/enumerate.sty)
    (/usr/share/texlive/texmf-dist/tex/latex/geometry/geometry.sty
    (/usr/share/texlive/texmf-dist/tex/generic/oberdiek/ifpdf.sty)
    (/usr/share/texlive/texmf-dist/tex/generic/oberdiek/ifvtex.sty)
    (/usr/share/texlive/texmf-dist/tex/generic/ifxetex/ifxetex.sty))
    (/usr/share/texlive/texmf-dist/tex/latex/amsmath/amsmath.sty
    For additional information on amsmath, use the `?' option.
    (/usr/share/texlive/texmf-dist/tex/latex/amsmath/amstext.sty
    (/usr/share/texlive/texmf-dist/tex/latex/amsmath/amsgen.sty))
    (/usr/share/texlive/texmf-dist/tex/latex/amsmath/amsbsy.sty)
    (/usr/share/texlive/texmf-dist/tex/latex/amsmath/amsopn.sty))
    (/usr/share/texlive/texmf-dist/tex/latex/amsfonts/amssymb.sty
    (/usr/share/texlive/texmf-dist/tex/latex/amsfonts/amsfonts.sty))
    (/usr/share/texlive/texmf-dist/tex/latex/base/textcomp.sty
    (/usr/share/texlive/texmf-dist/tex/latex/base/ts1enc.def))
    (/usr/share/texlive/texmf-dist/tex/latex/upquote/upquote.sty)
    (/usr/share/texlive/texmf-dist/tex/latex/eurosym/eurosym.sty)
    (/usr/share/texlive/texmf-dist/tex/latex/ucs/ucs.sty
    (/usr/share/texlive/texmf-dist/tex/latex/ucs/data/uni-global.def))
    (/usr/share/texlive/texmf-dist/tex/latex/base/inputenc.sty
    (/usr/share/texlive/texmf-dist/tex/latex/ucs/utf8x.def))
    (/usr/share/texlive/texmf-dist/tex/latex/fancyvrb/fancyvrb.sty
    Style option: `fancyvrb' v2.7a, with DG/SPQR fixes, and firstline=lastline fix 
    <2008/02/07> (tvz))
    (/usr/share/texlive/texmf-dist/tex/latex/oberdiek/grffile.sty
    (/usr/share/texlive/texmf-dist/tex/latex/oberdiek/kvoptions.sty
    (/usr/share/texlive/texmf-dist/tex/generic/oberdiek/kvsetkeys.sty
    (/usr/share/texlive/texmf-dist/tex/generic/oberdiek/etexcmds.sty
    (/usr/share/texlive/texmf-dist/tex/generic/oberdiek/ifluatex.sty))))
    (/usr/share/texlive/texmf-dist/tex/generic/oberdiek/pdftexcmds.sty))
    (/usr/share/texlive/texmf-dist/tex/latex/hyperref/hyperref.sty
    (/usr/share/texlive/texmf-dist/tex/generic/oberdiek/hobsub-hyperref.sty
    (/usr/share/texlive/texmf-dist/tex/generic/oberdiek/hobsub-generic.sty))
    (/usr/share/texlive/texmf-dist/tex/latex/oberdiek/auxhook.sty)
    (/usr/share/texlive/texmf-dist/tex/latex/hyperref/pd1enc.def)
    (/usr/share/texlive/texmf-dist/tex/latex/latexconfig/hyperref.cfg)
    (/usr/share/texlive/texmf-dist/tex/latex/url/url.sty))
    
    Package hyperref Message: Driver (autodetected): hpdftex.
    
    (/usr/share/texlive/texmf-dist/tex/latex/hyperref/hpdftex.def
    (/usr/share/texlive/texmf-dist/tex/latex/oberdiek/rerunfilecheck.sty))
    (/usr/share/texlive/texmf-dist/tex/latex/tools/longtable.sty)
    (/usr/share/texlive/texmf-dist/tex/latex/booktabs/booktabs.sty)
    (/usr/share/texlive/texmf-dist/tex/generic/ulem/ulem.sty)
    (/usr/share/texlive/texmf-dist/tex/latex/mdframed/mdframed.sty
    (/usr/share/texlive/texmf-dist/tex/latex/l3packages/xparse/xparse.sty
    (/usr/share/texlive/texmf-dist/tex/latex/l3kernel/expl3.sty
    (/usr/share/texlive/texmf-dist/tex/latex/l3kernel/expl3-code.tex)
    (/usr/share/texlive/texmf-dist/tex/latex/l3kernel/l3pdfmode.def)))
    (/usr/share/texlive/texmf-dist/tex/latex/etoolbox/etoolbox.sty)
    (/usr/share/texlive/texmf-dist/tex/latex/oberdiek/zref-abspage.sty
    (/usr/share/texlive/texmf-dist/tex/latex/oberdiek/zref-base.sty))
    (/usr/share/texlive/texmf-dist/tex/latex/needspace/needspace.sty)
    (/usr/share/texlive/texmf-dist/tex/latex/pgf/frontendlayer/tikz.sty
    (/usr/share/texlive/texmf-dist/tex/latex/pgf/basiclayer/pgf.sty
    (/usr/share/texlive/texmf-dist/tex/latex/pgf/utilities/pgfrcs.sty
    (/usr/share/texlive/texmf-dist/tex/generic/pgf/utilities/pgfutil-common.tex
    (/usr/share/texlive/texmf-dist/tex/generic/pgf/utilities/pgfutil-common-lists.t
    ex)) (/usr/share/texlive/texmf-dist/tex/generic/pgf/utilities/pgfutil-latex.def
    (/usr/share/texlive/texmf-dist/tex/latex/ms/everyshi.sty))
    (/usr/share/texlive/texmf-dist/tex/generic/pgf/utilities/pgfrcs.code.tex))
    (/usr/share/texlive/texmf-dist/tex/latex/pgf/basiclayer/pgfcore.sty
    (/usr/share/texlive/texmf-dist/tex/latex/pgf/systemlayer/pgfsys.sty
    (/usr/share/texlive/texmf-dist/tex/generic/pgf/systemlayer/pgfsys.code.tex
    (/usr/share/texlive/texmf-dist/tex/generic/pgf/utilities/pgfkeys.code.tex
    (/usr/share/texlive/texmf-dist/tex/generic/pgf/utilities/pgfkeysfiltered.code.t
    ex)) (/usr/share/texlive/texmf-dist/tex/generic/pgf/systemlayer/pgf.cfg)
    (/usr/share/texlive/texmf-dist/tex/generic/pgf/systemlayer/pgfsys-pdftex.def
    (/usr/share/texlive/texmf-dist/tex/generic/pgf/systemlayer/pgfsys-common-pdf.de
    f)))
    (/usr/share/texlive/texmf-dist/tex/generic/pgf/systemlayer/pgfsyssoftpath.code.
    tex)
    (/usr/share/texlive/texmf-dist/tex/generic/pgf/systemlayer/pgfsysprotocol.code.
    tex))
    (/usr/share/texlive/texmf-dist/tex/generic/pgf/basiclayer/pgfcore.code.tex
    (/usr/share/texlive/texmf-dist/tex/generic/pgf/math/pgfmath.code.tex
    (/usr/share/texlive/texmf-dist/tex/generic/pgf/math/pgfmathcalc.code.tex
    (/usr/share/texlive/texmf-dist/tex/generic/pgf/math/pgfmathutil.code.tex)
    (/usr/share/texlive/texmf-dist/tex/generic/pgf/math/pgfmathparser.code.tex)
    (/usr/share/texlive/texmf-dist/tex/generic/pgf/math/pgfmathfunctions.code.tex
    (/usr/share/texlive/texmf-dist/tex/generic/pgf/math/pgfmathfunctions.basic.code
    .tex)
    (/usr/share/texlive/texmf-dist/tex/generic/pgf/math/pgfmathfunctions.trigonomet
    ric.code.tex)
    (/usr/share/texlive/texmf-dist/tex/generic/pgf/math/pgfmathfunctions.random.cod
    e.tex)
    (/usr/share/texlive/texmf-dist/tex/generic/pgf/math/pgfmathfunctions.comparison
    .code.tex)
    (/usr/share/texlive/texmf-dist/tex/generic/pgf/math/pgfmathfunctions.base.code.
    tex)
    (/usr/share/texlive/texmf-dist/tex/generic/pgf/math/pgfmathfunctions.round.code
    .tex)
    (/usr/share/texlive/texmf-dist/tex/generic/pgf/math/pgfmathfunctions.misc.code.
    tex)
    (/usr/share/texlive/texmf-dist/tex/generic/pgf/math/pgfmathfunctions.integerari
    thmetics.code.tex)))
    (/usr/share/texlive/texmf-dist/tex/generic/pgf/math/pgfmathfloat.code.tex))
    (/usr/share/texlive/texmf-dist/tex/generic/pgf/basiclayer/pgfcorepoints.code.te
    x)
    (/usr/share/texlive/texmf-dist/tex/generic/pgf/basiclayer/pgfcorepathconstruct.
    code.tex)
    (/usr/share/texlive/texmf-dist/tex/generic/pgf/basiclayer/pgfcorepathusage.code
    .tex)
    (/usr/share/texlive/texmf-dist/tex/generic/pgf/basiclayer/pgfcorescopes.code.te
    x)
    (/usr/share/texlive/texmf-dist/tex/generic/pgf/basiclayer/pgfcoregraphicstate.c
    ode.tex)
    (/usr/share/texlive/texmf-dist/tex/generic/pgf/basiclayer/pgfcoretransformation
    s.code.tex)
    (/usr/share/texlive/texmf-dist/tex/generic/pgf/basiclayer/pgfcorequick.code.tex
    )
    (/usr/share/texlive/texmf-dist/tex/generic/pgf/basiclayer/pgfcoreobjects.code.t
    ex)
    (/usr/share/texlive/texmf-dist/tex/generic/pgf/basiclayer/pgfcorepathprocessing
    .code.tex)
    (/usr/share/texlive/texmf-dist/tex/generic/pgf/basiclayer/pgfcorearrows.code.te
    x)
    (/usr/share/texlive/texmf-dist/tex/generic/pgf/basiclayer/pgfcoreshade.code.tex
    )
    (/usr/share/texlive/texmf-dist/tex/generic/pgf/basiclayer/pgfcoreimage.code.tex
    
    (/usr/share/texlive/texmf-dist/tex/generic/pgf/basiclayer/pgfcoreexternal.code.
    tex))
    (/usr/share/texlive/texmf-dist/tex/generic/pgf/basiclayer/pgfcorelayers.code.te
    x)
    (/usr/share/texlive/texmf-dist/tex/generic/pgf/basiclayer/pgfcoretransparency.c
    ode.tex)
    (/usr/share/texlive/texmf-dist/tex/generic/pgf/basiclayer/pgfcorepatterns.code.
    tex)))
    (/usr/share/texlive/texmf-dist/tex/generic/pgf/modules/pgfmoduleshapes.code.tex
    ) (/usr/share/texlive/texmf-dist/tex/generic/pgf/modules/pgfmoduleplot.code.tex
    )
    (/usr/share/texlive/texmf-dist/tex/latex/pgf/compatibility/pgfcomp-version-0-65
    .sty)
    (/usr/share/texlive/texmf-dist/tex/latex/pgf/compatibility/pgfcomp-version-1-18
    .sty)) (/usr/share/texlive/texmf-dist/tex/latex/pgf/utilities/pgffor.sty
    (/usr/share/texlive/texmf-dist/tex/latex/pgf/utilities/pgfkeys.sty
    (/usr/share/texlive/texmf-dist/tex/generic/pgf/utilities/pgfkeys.code.tex))
    (/usr/share/texlive/texmf-dist/tex/latex/pgf/math/pgfmath.sty
    (/usr/share/texlive/texmf-dist/tex/generic/pgf/math/pgfmath.code.tex))
    (/usr/share/texlive/texmf-dist/tex/generic/pgf/utilities/pgffor.code.tex
    (/usr/share/texlive/texmf-dist/tex/generic/pgf/math/pgfmath.code.tex)))
    (/usr/share/texlive/texmf-dist/tex/generic/pgf/frontendlayer/tikz/tikz.code.tex
    
    (/usr/share/texlive/texmf-dist/tex/generic/pgf/libraries/pgflibraryplothandlers
    .code.tex)
    (/usr/share/texlive/texmf-dist/tex/generic/pgf/modules/pgfmodulematrix.code.tex
    )
    (/usr/share/texlive/texmf-dist/tex/generic/pgf/frontendlayer/tikz/libraries/tik
    zlibrarytopaths.code.tex)))
    (/usr/share/texlive/texmf-dist/tex/latex/mdframed/md-frame-1.mdf))
    No file notebook.aux.
    (/usr/share/texlive/texmf-dist/tex/latex/base/ts1cmr.fd)
    (/usr/share/texlive/texmf-dist/tex/latex/psnfss/t1ppl.fd)
    (/usr/share/texlive/texmf-dist/tex/context/base/mkii/supp-pdf.mkii
    [Loading MPS to PDF converter (version 2006.09.02).]
    ) (/usr/share/texlive/texmf-dist/tex/latex/oberdiek/epstopdf-base.sty
    (/usr/share/texlive/texmf-dist/tex/latex/oberdiek/grfext.sty)
    (/usr/share/texlive/texmf-dist/tex/latex/latexconfig/epstopdf-sys.cfg))
    (/usr/share/texlive/texmf-dist/tex/latex/caption/ltcaption.sty)
    *geometry* driver: auto-detecting
    *geometry* detected driver: pdftex
    *geometry* verbose mode - [ preamble ] result:
    * driver: pdftex
    * paper: <default>
    * layout: <same size as paper>
    * layoutoffset:(h,v)=(0.0pt,0.0pt)
    * modes: 
    * h-part:(L,W,R)=(72.26999pt, 469.75502pt, 72.26999pt)
    * v-part:(T,H,B)=(72.26999pt, 650.43001pt, 72.26999pt)
    * \paperwidth=614.295pt
    * \paperheight=794.96999pt
    * \textwidth=469.75502pt
    * \textheight=650.43001pt
    * \oddsidemargin=0.0pt
    * \evensidemargin=0.0pt
    * \topmargin=-37.0pt
    * \headheight=12.0pt
    * \headsep=25.0pt
    * \topskip=11.0pt
    * \footskip=30.0pt
    * \marginparwidth=59.0pt
    * \marginparsep=10.0pt
    * \columnsep=10.0pt
    * \skip\footins=10.0pt plus 4.0pt minus 2.0pt
    * \hoffset=0.0pt
    * \voffset=0.0pt
    * \mag=1000
    * \@twocolumnfalse
    * \@twosidefalse
    * \@mparswitchfalse
    * \@reversemarginfalse
    * (1in=72.27pt=25.4mm, 1cm=28.453pt)
    
    (/usr/share/texlive/texmf-dist/tex/latex/ucs/ucsencs.def)
    (/usr/share/texlive/texmf-dist/tex/latex/hyperref/nameref.sty
    (/usr/share/texlive/texmf-dist/tex/generic/oberdiek/gettitlestring.sty))
    ABD: EveryShipout initializing macros
    (/usr/share/texlive/texmf-dist/tex/latex/amsfonts/umsa.fd)
    (/usr/share/texlive/texmf-dist/tex/latex/amsfonts/umsb.fd)
    
    LaTeX Warning: No \author given.
    
    (/usr/share/texlive/texmf-dist/tex/latex/ucs/data/uni-0.def) [1{/var/lib/texmf/
    fonts/map/pdftex/updmap/pdftex.map}]
    (/usr/share/texlive/texmf-dist/tex/latex/psnfss/ts1ppl.fd)
    <k_means.png, id=16, 480.29437pt x 316.18124pt> <use k_means.png> [2 </home/yol
    ki/Escritorio/ai/md/3_4/k_means.png>]
    
    LaTeX Warning: File `http://bigdata-madesimple.com/wp-content/uploads/2015/05/i
    mage-4.png' not found on input line 415.
    
    
    ! Package pdftex.def Error: File `http://bigdata-madesimple.com/wp-content/uplo
    ads/2015/05/image-4.png' not found.
    
    See the pdftex.def package documentation for explanation.
    Type  H <return>  for immediate help.
     ...                                              
                                                      
    l.415 ...m/wp-content/uploads/2015/05/image-4.png}
                                                      
    ? 
    ! Emergency stop.
     ...                                              
                                                      
    l.415 ...m/wp-content/uploads/2015/05/image-4.png}
                                                      
    !  ==> Fatal error occurred, no output PDF file produced!
    Transcript written on notebook.log.
    
[W 20:43:44.789 NotebookApp] 500 GET /nbconvert/pdf/p.ipynb?download=true (127.0.0.1): nbconvert failed: PDF creating failed, captured latex output:
    This is pdfTeX, Version 3.14159265-2.6-1.40.17 (TeX Live 2016/Debian) (preloaded format=pdflatex)
     restricted \write18 enabled.
    entering extended mode
    (./notebook.tex
    LaTeX2e <2016/03/31>
    Babel <3.9r> and hyphenation patterns for 3 language(s) loaded.
    (/usr/share/texlive/texmf-dist/tex/latex/base/article.cls
    Document Class: article 2014/09/29 v1.4h Standard LaTeX document class
    (/usr/share/texlive/texmf-dist/tex/latex/base/size11.clo))
    (/usr/share/texlive/texmf-dist/tex/latex/base/fontenc.sty
    (/usr/share/texlive/texmf-dist/tex/latex/base/t1enc.def))
    (/usr/share/texlive/texmf-dist/tex/latex/psnfss/palatino.sty)
    (/usr/share/texlive/texmf-dist/tex/latex/graphics/graphicx.sty
    (/usr/share/texlive/texmf-dist/tex/latex/graphics/keyval.sty)
    (/usr/share/texlive/texmf-dist/tex/latex/graphics/graphics.sty
    (/usr/share/texlive/texmf-dist/tex/latex/graphics/trig.sty)
    (/usr/share/texlive/texmf-dist/tex/latex/graphics-cfg/graphics.cfg)
    (/usr/share/texlive/texmf-dist/tex/latex/pdftex-def/pdftex.def
    (/usr/share/texlive/texmf-dist/tex/generic/oberdiek/infwarerr.sty)
    (/usr/share/texlive/texmf-dist/tex/generic/oberdiek/ltxcmds.sty))))
    (/usr/share/texlive/texmf-dist/tex/latex/caption/caption.sty
    (/usr/share/texlive/texmf-dist/tex/latex/caption/caption3.sty))
    (/usr/share/texlive/texmf-dist/tex/latex/adjustbox/adjustbox.sty
    (/usr/share/texlive/texmf-dist/tex/latex/xkeyval/xkeyval.sty
    (/usr/share/texlive/texmf-dist/tex/generic/xkeyval/xkeyval.tex
    (/usr/share/texlive/texmf-dist/tex/generic/xkeyval/xkvutils.tex)))
    (/usr/share/texlive/texmf-dist/tex/latex/adjustbox/adjcalc.sty)
    (/usr/share/texlive/texmf-dist/tex/latex/adjustbox/trimclip.sty
    (/usr/share/texlive/texmf-dist/tex/latex/collectbox/collectbox.sty)
    (/usr/share/texlive/texmf-dist/tex/latex/adjustbox/tc-pdftex.def))
    (/usr/share/texlive/texmf-dist/tex/latex/ifoddpage/ifoddpage.sty)
    (/usr/share/texlive/texmf-dist/tex/latex/varwidth/varwidth.sty))
    (/usr/share/texlive/texmf-dist/tex/latex/xcolor/xcolor.sty
    (/usr/share/texlive/texmf-dist/tex/latex/graphics-cfg/color.cfg))
    (/usr/share/texlive/texmf-dist/tex/latex/tools/enumerate.sty)
    (/usr/share/texlive/texmf-dist/tex/latex/geometry/geometry.sty
    (/usr/share/texlive/texmf-dist/tex/generic/oberdiek/ifpdf.sty)
    (/usr/share/texlive/texmf-dist/tex/generic/oberdiek/ifvtex.sty)
    (/usr/share/texlive/texmf-dist/tex/generic/ifxetex/ifxetex.sty))
    (/usr/share/texlive/texmf-dist/tex/latex/amsmath/amsmath.sty
    For additional information on amsmath, use the `?' option.
    (/usr/share/texlive/texmf-dist/tex/latex/amsmath/amstext.sty
    (/usr/share/texlive/texmf-dist/tex/latex/amsmath/amsgen.sty))
    (/usr/share/texlive/texmf-dist/tex/latex/amsmath/amsbsy.sty)
    (/usr/share/texlive/texmf-dist/tex/latex/amsmath/amsopn.sty))
    (/usr/share/texlive/texmf-dist/tex/latex/amsfonts/amssymb.sty
    (/usr/share/texlive/texmf-dist/tex/latex/amsfonts/amsfonts.sty))
    (/usr/share/texlive/texmf-dist/tex/latex/base/textcomp.sty
    (/usr/share/texlive/texmf-dist/tex/latex/base/ts1enc.def))
    (/usr/share/texlive/texmf-dist/tex/latex/upquote/upquote.sty)
    (/usr/share/texlive/texmf-dist/tex/latex/eurosym/eurosym.sty)
    (/usr/share/texlive/texmf-dist/tex/latex/ucs/ucs.sty
    (/usr/share/texlive/texmf-dist/tex/latex/ucs/data/uni-global.def))
    (/usr/share/texlive/texmf-dist/tex/latex/base/inputenc.sty
    (/usr/share/texlive/texmf-dist/tex/latex/ucs/utf8x.def))
    (/usr/share/texlive/texmf-dist/tex/latex/fancyvrb/fancyvrb.sty
    Style option: `fancyvrb' v2.7a, with DG/SPQR fixes, and firstline=lastline fix 
    <2008/02/07> (tvz))
    (/usr/share/texlive/texmf-dist/tex/latex/oberdiek/grffile.sty
    (/usr/share/texlive/texmf-dist/tex/latex/oberdiek/kvoptions.sty
    (/usr/share/texlive/texmf-dist/tex/generic/oberdiek/kvsetkeys.sty
    (/usr/share/texlive/texmf-dist/tex/generic/oberdiek/etexcmds.sty
    (/usr/share/texlive/texmf-dist/tex/generic/oberdiek/ifluatex.sty))))
    (/usr/share/texlive/texmf-dist/tex/generic/oberdiek/pdftexcmds.sty))
    (/usr/share/texlive/texmf-dist/tex/latex/hyperref/hyperref.sty
    (/usr/share/texlive/texmf-dist/tex/generic/oberdiek/hobsub-hyperref.sty
    (/usr/share/texlive/texmf-dist/tex/generic/oberdiek/hobsub-generic.sty))
    (/usr/share/texlive/texmf-dist/tex/latex/oberdiek/auxhook.sty)
    (/usr/share/texlive/texmf-dist/tex/latex/hyperref/pd1enc.def)
    (/usr/share/texlive/texmf-dist/tex/latex/latexconfig/hyperref.cfg)
    (/usr/share/texlive/texmf-dist/tex/latex/url/url.sty))
    
    Package hyperref Message: Driver (autodetected): hpdftex.
    
    (/usr/share/texlive/texmf-dist/tex/latex/hyperref/hpdftex.def
    (/usr/share/texlive/texmf-dist/tex/latex/oberdiek/rerunfilecheck.sty))
    (/usr/share/texlive/texmf-dist/tex/latex/tools/longtable.sty)
    (/usr/share/texlive/texmf-dist/tex/latex/booktabs/booktabs.sty)
    (/usr/share/texlive/texmf-dist/tex/generic/ulem/ulem.sty)
    (/usr/share/texlive/texmf-dist/tex/latex/mdframed/mdframed.sty
    (/usr/share/texlive/texmf-dist/tex/latex/l3packages/xparse/xparse.sty
    (/usr/share/texlive/texmf-dist/tex/latex/l3kernel/expl3.sty
    (/usr/share/texlive/texmf-dist/tex/latex/l3kernel/expl3-code.tex)
    (/usr/share/texlive/texmf-dist/tex/latex/l3kernel/l3pdfmode.def)))
    (/usr/share/texlive/texmf-dist/tex/latex/etoolbox/etoolbox.sty)
    (/usr/share/texlive/texmf-dist/tex/latex/oberdiek/zref-abspage.sty
    (/usr/share/texlive/texmf-dist/tex/latex/oberdiek/zref-base.sty))
    (/usr/share/texlive/texmf-dist/tex/latex/needspace/needspace.sty)
    (/usr/share/texlive/texmf-dist/tex/latex/pgf/frontendlayer/tikz.sty
    (/usr/share/texlive/texmf-dist/tex/latex/pgf/basiclayer/pgf.sty
    (/usr/share/texlive/texmf-dist/tex/latex/pgf/utilities/pgfrcs.sty
    (/usr/share/texlive/texmf-dist/tex/generic/pgf/utilities/pgfutil-common.tex
    (/usr/share/texlive/texmf-dist/tex/generic/pgf/utilities/pgfutil-common-lists.t
    ex)) (/usr/share/texlive/texmf-dist/tex/generic/pgf/utilities/pgfutil-latex.def
    (/usr/share/texlive/texmf-dist/tex/latex/ms/everyshi.sty))
    (/usr/share/texlive/texmf-dist/tex/generic/pgf/utilities/pgfrcs.code.tex))
    (/usr/share/texlive/texmf-dist/tex/latex/pgf/basiclayer/pgfcore.sty
    (/usr/share/texlive/texmf-dist/tex/latex/pgf/systemlayer/pgfsys.sty
    (/usr/share/texlive/texmf-dist/tex/generic/pgf/systemlayer/pgfsys.code.tex
    (/usr/share/texlive/texmf-dist/tex/generic/pgf/utilities/pgfkeys.code.tex
    (/usr/share/texlive/texmf-dist/tex/generic/pgf/utilities/pgfkeysfiltered.code.t
    ex)) (/usr/share/texlive/texmf-dist/tex/generic/pgf/systemlayer/pgf.cfg)
    (/usr/share/texlive/texmf-dist/tex/generic/pgf/systemlayer/pgfsys-pdftex.def
    (/usr/share/texlive/texmf-dist/tex/generic/pgf/systemlayer/pgfsys-common-pdf.de
    f)))
    (/usr/share/texlive/texmf-dist/tex/generic/pgf/systemlayer/pgfsyssoftpath.code.
    tex)
    (/usr/share/texlive/texmf-dist/tex/generic/pgf/systemlayer/pgfsysprotocol.code.
    tex))
    (/usr/share/texlive/texmf-dist/tex/generic/pgf/basiclayer/pgfcore.code.tex
    (/usr/share/texlive/texmf-dist/tex/generic/pgf/math/pgfmath.code.tex
    (/usr/share/texlive/texmf-dist/tex/generic/pgf/math/pgfmathcalc.code.tex
    (/usr/share/texlive/texmf-dist/tex/generic/pgf/math/pgfmathutil.code.tex)
    (/usr/share/texlive/texmf-dist/tex/generic/pgf/math/pgfmathparser.code.tex)
    (/usr/share/texlive/texmf-dist/tex/generic/pgf/math/pgfmathfunctions.code.tex
    (/usr/share/texlive/texmf-dist/tex/generic/pgf/math/pgfmathfunctions.basic.code
    .tex)
    (/usr/share/texlive/texmf-dist/tex/generic/pgf/math/pgfmathfunctions.trigonomet
    ric.code.tex)
    (/usr/share/texlive/texmf-dist/tex/generic/pgf/math/pgfmathfunctions.random.cod
    e.tex)
    (/usr/share/texlive/texmf-dist/tex/generic/pgf/math/pgfmathfunctions.comparison
    .code.tex)
    (/usr/share/texlive/texmf-dist/tex/generic/pgf/math/pgfmathfunctions.base.code.
    tex)
    (/usr/share/texlive/texmf-dist/tex/generic/pgf/math/pgfmathfunctions.round.code
    .tex)
    (/usr/share/texlive/texmf-dist/tex/generic/pgf/math/pgfmathfunctions.misc.code.
    tex)
    (/usr/share/texlive/texmf-dist/tex/generic/pgf/math/pgfmathfunctions.integerari
    thmetics.code.tex)))
    (/usr/share/texlive/texmf-dist/tex/generic/pgf/math/pgfmathfloat.code.tex))
    (/usr/share/texlive/texmf-dist/tex/generic/pgf/basiclayer/pgfcorepoints.code.te
    x)
    (/usr/share/texlive/texmf-dist/tex/generic/pgf/basiclayer/pgfcorepathconstruct.
    code.tex)
    (/usr/share/texlive/texmf-dist/tex/generic/pgf/basiclayer/pgfcorepathusage.code
    .tex)
    (/usr/share/texlive/texmf-dist/tex/generic/pgf/basiclayer/pgfcorescopes.code.te
    x)
    (/usr/share/texlive/texmf-dist/tex/generic/pgf/basiclayer/pgfcoregraphicstate.c
    ode.tex)
    (/usr/share/texlive/texmf-dist/tex/generic/pgf/basiclayer/pgfcoretransformation
    s.code.tex)
    (/usr/share/texlive/texmf-dist/tex/generic/pgf/basiclayer/pgfcorequick.code.tex
    )
    (/usr/share/texlive/texmf-dist/tex/generic/pgf/basiclayer/pgfcoreobjects.code.t
    ex)
    (/usr/share/texlive/texmf-dist/tex/generic/pgf/basiclayer/pgfcorepathprocessing
    .code.tex)
    (/usr/share/texlive/texmf-dist/tex/generic/pgf/basiclayer/pgfcorearrows.code.te
    x)
    (/usr/share/texlive/texmf-dist/tex/generic/pgf/basiclayer/pgfcoreshade.code.tex
    )
    (/usr/share/texlive/texmf-dist/tex/generic/pgf/basiclayer/pgfcoreimage.code.tex
    
    (/usr/share/texlive/texmf-dist/tex/generic/pgf/basiclayer/pgfcoreexternal.code.
    tex))
    (/usr/share/texlive/texmf-dist/tex/generic/pgf/basiclayer/pgfcorelayers.code.te
    x)
    (/usr/share/texlive/texmf-dist/tex/generic/pgf/basiclayer/pgfcoretransparency.c
    ode.tex)
    (/usr/share/texlive/texmf-dist/tex/generic/pgf/basiclayer/pgfcorepatterns.code.
    tex)))
    (/usr/share/texlive/texmf-dist/tex/generic/pgf/modules/pgfmoduleshapes.code.tex
    ) (/usr/share/texlive/texmf-dist/tex/generic/pgf/modules/pgfmoduleplot.code.tex
    )
    (/usr/share/texlive/texmf-dist/tex/latex/pgf/compatibility/pgfcomp-version-0-65
    .sty)
    (/usr/share/texlive/texmf-dist/tex/latex/pgf/compatibility/pgfcomp-version-1-18
    .sty)) (/usr/share/texlive/texmf-dist/tex/latex/pgf/utilities/pgffor.sty
    (/usr/share/texlive/texmf-dist/tex/latex/pgf/utilities/pgfkeys.sty
    (/usr/share/texlive/texmf-dist/tex/generic/pgf/utilities/pgfkeys.code.tex))
    (/usr/share/texlive/texmf-dist/tex/latex/pgf/math/pgfmath.sty
    (/usr/share/texlive/texmf-dist/tex/generic/pgf/math/pgfmath.code.tex))
    (/usr/share/texlive/texmf-dist/tex/generic/pgf/utilities/pgffor.code.tex
    (/usr/share/texlive/texmf-dist/tex/generic/pgf/math/pgfmath.code.tex)))
    (/usr/share/texlive/texmf-dist/tex/generic/pgf/frontendlayer/tikz/tikz.code.tex
    
    (/usr/share/texlive/texmf-dist/tex/generic/pgf/libraries/pgflibraryplothandlers
    .code.tex)
    (/usr/share/texlive/texmf-dist/tex/generic/pgf/modules/pgfmodulematrix.code.tex
    )
    (/usr/share/texlive/texmf-dist/tex/generic/pgf/frontendlayer/tikz/libraries/tik
    zlibrarytopaths.code.tex)))
    (/usr/share/texlive/texmf-dist/tex/latex/mdframed/md-frame-1.mdf))
    No file notebook.aux.
    (/usr/share/texlive/texmf-dist/tex/latex/base/ts1cmr.fd)
    (/usr/share/texlive/texmf-dist/tex/latex/psnfss/t1ppl.fd)
    (/usr/share/texlive/texmf-dist/tex/context/base/mkii/supp-pdf.mkii
    [Loading MPS to PDF converter (version 2006.09.02).]
    ) (/usr/share/texlive/texmf-dist/tex/latex/oberdiek/epstopdf-base.sty
    (/usr/share/texlive/texmf-dist/tex/latex/oberdiek/grfext.sty)
    (/usr/share/texlive/texmf-dist/tex/latex/latexconfig/epstopdf-sys.cfg))
    (/usr/share/texlive/texmf-dist/tex/latex/caption/ltcaption.sty)
    *geometry* driver: auto-detecting
    *geometry* detected driver: pdftex
    *geometry* verbose mode - [ preamble ] result:
    * driver: pdftex
    * paper: <default>
    * layout: <same size as paper>
    * layoutoffset:(h,v)=(0.0pt,0.0pt)
    * modes: 
    * h-part:(L,W,R)=(72.26999pt, 469.75502pt, 72.26999pt)
    * v-part:(T,H,B)=(72.26999pt, 650.43001pt, 72.26999pt)
    * \paperwidth=614.295pt
    * \paperheight=794.96999pt
    * \textwidth=469.75502pt
    * \textheight=650.43001pt
    * \oddsidemargin=0.0pt
    * \evensidemargin=0.0pt
    * \topmargin=-37.0pt
    * \headheight=12.0pt
    * \headsep=25.0pt
    * \topskip=11.0pt
    * \footskip=30.0pt
    * \marginparwidth=59.0pt
    * \marginparsep=10.0pt
    * \columnsep=10.0pt
    * \skip\footins=10.0pt plus 4.0pt minus 2.0pt
    * \hoffset=0.0pt
    * \voffset=0.0pt
    * \mag=1000
    * \@twocolumnfalse
    * \@twosidefalse
    * \@mparswitchfalse
    * \@reversemarginfalse
    * (1in=72.27pt=25.4mm, 1cm=28.453pt)
    
    (/usr/share/texlive/texmf-dist/tex/latex/ucs/ucsencs.def)
    (/usr/share/texlive/texmf-dist/tex/latex/hyperref/nameref.sty
    (/usr/share/texlive/texmf-dist/tex/generic/oberdiek/gettitlestring.sty))
    ABD: EveryShipout initializing macros
    (/usr/share/texlive/texmf-dist/tex/latex/amsfonts/umsa.fd)
    (/usr/share/texlive/texmf-dist/tex/latex/amsfonts/umsb.fd)
    
    LaTeX Warning: No \author given.
    
    (/usr/share/texlive/texmf-dist/tex/latex/ucs/data/uni-0.def) [1{/var/lib/texmf/
    fonts/map/pdftex/updmap/pdftex.map}]
    (/usr/share/texlive/texmf-dist/tex/latex/psnfss/ts1ppl.fd)
    <k_means.png, id=16, 480.29437pt x 316.18124pt> <use k_means.png> [2 </home/yol
    ki/Escritorio/ai/md/3_4/k_means.png>]
    
    LaTeX Warning: File `http://bigdata-madesimple.com/wp-content/uploads/2015/05/i
    mage-4.png' not found on input line 415.
    
    
    ! Package pdftex.def Error: File `http://bigdata-madesimple.com/wp-content/uplo
    ads/2015/05/image-4.png' not found.
    
    See the pdftex.def package documentation for explanation.
    Type  H <return>  for immediate help.
     ...                                              
                                                      
    l.415 ...m/wp-content/uploads/2015/05/image-4.png}
                                                      
    ? 
    ! Emergency stop.
     ...                                              
                                                      
    l.415 ...m/wp-content/uploads/2015/05/image-4.png}
                                                      
    !  ==> Fatal error occurred, no output PDF file produced!
    Transcript written on notebook.log.
    
[E 20:43:44.822 NotebookApp] {
      "Accept-Language": "en-GB,en;q=0.8,es;q=0.6", 
      "Accept-Encoding": "gzip, deflate, sdch, br", 
      "Host": "localhost:8888", 
      "Accept": "text/html,application/xhtml+xml,application/xml;q=0.9,image/webp,*/*;q=0.8", 
      "User-Agent": "Mozilla/5.0 (X11; Linux x86_64) AppleWebKit/537.36 (KHTML, like Gecko) Chrome/58.0.3029.110 Safari/537.36", 
      "Connection": "keep-alive", 
      "Referer": "http://localhost:8888/notebooks/p.ipynb", 
      "Cookie": "_xsrf=2|a3c32233|766f4370ae396110c504b8deb1086613|1496335678; username-localhost-8888=\"2|1:0|10:1496850279|23:username-localhost-8888|44:NDhjYzBjYmRlMTFhNGU2YmJlNjhlMTZlZjg0Nzk0Njk=|223e55d9e5da3914799937d711bc96f99ef6bf7c7fb2e21e7f53a1fc930c274a\"", 
      "Upgrade-Insecure-Requests": "1"
    }
[E 20:43:44.822 NotebookApp] 500 GET /nbconvert/pdf/p.ipynb?download=true (127.0.0.1) 7606.00ms referer=http://localhost:8888/notebooks/p.ipynb
[W 20:44:35.778 NotebookApp] 404 GET /notebooks/image-4.png (127.0.0.1): No such file or directory: image-4.png
[W 20:44:35.808 NotebookApp] 404 GET /notebooks/image-4.png (127.0.0.1) 30.40ms referer=http://localhost:8888/notebooks/p.ipynb
[I 20:44:36.777 NotebookApp] Saving file at /p.ipynb
[I 20:45:33.760 NotebookApp] 302 GET /notebooks/image-4.png (127.0.0.1) 1.16ms
[I 20:45:43.336 NotebookApp] Saving file at /p.ipynb
[I 20:45:53.794 NotebookApp] Support files will be in 
[I 20:45:53.795 NotebookApp] Writing 81309 bytes to notebook.tex
[I 20:45:53.796 NotebookApp] Building PDF
[I 20:45:53.796 NotebookApp] Running pdflatex 3 times: [u'pdflatex', u'notebook.tex']
[I 20:46:00.151 NotebookApp] Running bibtex 1 time: [u'bibtex', u'notebook']
[W 20:46:00.248 NotebookApp] bibtex had problems, most likely because there were no citations
[I 20:46:00.248 NotebookApp] PDF successfully created
[I 20:47:19.246 NotebookApp] Saving file at /p.ipynb
[I 20:47:20.569 NotebookApp] Saving file at /p.ipynb
